This file contains any messages produced by compilers while
running configure, to aid debugging if configure makes a mistake.

It was created by libffi configure 3.0.13, which was
generated by GNU Autoconf 2.68.  Invocation command line was

  $ ./configure --host=x86_64-w64-mingw32 CC=cl LD=link.exe CFLAGS=-m64 -nologo

## --------- ##
## Platform. ##
## --------- ##

hostname = black-pc
uname -m = i686
uname -r = 1.0.17(0.48/3/2)
uname -s = MINGW32_NT-6.2
uname -v = 2011-04-24 23:39

/usr/bin/uname -p = unknown
/bin/uname -X     = unknown

/bin/arch              = unknown
/usr/bin/arch -k       = unknown
/usr/convex/getsysinfo = unknown
/usr/bin/hostinfo      = unknown
/bin/machine           = unknown
/usr/bin/oslevel       = unknown
/bin/universe          = unknown

PATH: .
PATH: /usr/local/bin
PATH: /mingw/bin
PATH: /bin
PATH: /c/Program Files (x86)/Microsoft Visual Studio 10.0/VC/bin/amd64
PATH: /c/Program Files/Microsoft SDKs/Windows/v7.1/BIN/x64
PATH: /c/WINDOWS/system32
PATH: /c/WINDOWS
PATH: /c/WINDOWS/System32/Wbem
PATH: /c/WINDOWS/System32/WindowsPowerShell/v1.0/
PATH: /f/Program Files (x86)/Windows Kits/8.0/Windows Performance Toolkit/
PATH: /c/Program Files/TortoiseSVN/bin
PATH: /c/Program Files (x86)/Intel/OpenCL SDK/3.0/bin/x86
PATH: /c/Program Files (x86)/Intel/OpenCL SDK/3.0/bin/x64
PATH: /c/Program Files/TortoiseGit/bin


## ----------- ##
## Core tests. ##
## ----------- ##

configure:2564: checking build system type
configure:2578: result: i686-pc-mingw32
configure:2598: checking host system type
configure:2611: result: x86_64-w64-mingw32
configure:2631: checking target system type
configure:2644: result: x86_64-w64-mingw32
configure:2699: toplevel srcdir already configured... skipping subdir build
configure:2736: checking for gsed
configure:2767: result: sed
configure:2795: checking for a BSD-compatible install
configure:2863: result: /bin/install -c
configure:2874: checking whether build environment is sane
configure:2924: result: yes
configure:2970: checking for x86_64-w64-mingw32-strip
configure:3000: result: no
configure:3010: checking for strip
configure:3026: found /bin/strip
configure:3037: result: strip
configure:3062: checking for a thread-safe mkdir -p
configure:3101: result: /bin/mkdir -p
configure:3114: checking for gawk
configure:3130: found /bin/gawk
configure:3141: result: gawk
configure:3152: checking whether make sets $(MAKE)
configure:3174: result: yes
configure:3273: checking for x86_64-w64-mingw32-gcc
configure:3300: result: cl
configure:3569: checking for C compiler version
configure:3578: cl --version >&5
cl.exe -D "WIN32"  -Od -W3    -link -NOLOGO
Microsoft (R) C/C++ Optimizing Compiler Version 16.00.30319.01 for x64
Copyright (C) Microsoft Corporation.  All rights reserved.

cl : Command line error D8003 : missing source filename
configure:3589: $? = 2
configure:3578: cl -v >&5
cl.exe -D "WIN32" -nologo -Od -W3 -v    -link -NOLOGO
cl : Command line warning D9002 : ignoring unknown option '-v'
cl : Command line error D8003 : missing source filename
configure:3589: $? = 2
configure:3578: cl -V >&5
cl.exe -D "WIN32" -nologo -Od -W3 -V    -link -NOLOGO
cl : Command line error D8004 : '/V' requires an argument
configure:3589: $? = 2
configure:3578: cl -qversion >&5
cl.exe -D "WIN32" -nologo -Od -W3 -qversion    -link -NOLOGO
cl : Command line warning D9002 : ignoring unknown option '-qversion'
cl : Command line error D8003 : missing source filename
configure:3589: $? = 2
configure:3609: checking whether the C compiler works
configure:3631: cl -m64 -nologo   conftest.c  >&5
cl.exe -D "WIN32" -nologo -Od -W3 -nologo   conftest.c  -link -NOLOGO
conftest.c
configure:3635: $? = 0
configure:3683: result: yes
configure:3686: checking for C compiler default output file name
configure:3688: result: conftest.exe
configure:3694: checking for suffix of executables
configure:3701: cl -o conftest.exe -m64 -nologo   conftest.c  >&5
cl.exe -D "WIN32" -nologo -Od -W3 -Feconftest.exe -nologo   conftest.c  -link -NOLOGO
conftest.c
configure:3705: $? = 0
configure:3727: result: .exe
configure:3749: checking whether we are cross compiling
configure:3757: cl -o conftest.exe -m64 -nologo   conftest.c  >&5
cl.exe -D "WIN32" -nologo -Od -W3 -Feconftest.exe -nologo   conftest.c  -link -NOLOGO
conftest.c
conftest.c(15) : warning C4996: 'fopen': This function or variable may be unsafe. Consider using fopen_s instead. To disable deprecation, use _CRT_SECURE_NO_WARNINGS. See online help for details.
        C:\Program Files (x86)\Microsoft Visual Studio 10.0\VC\INCLUDE\stdio.h(234) : see declaration of 'fopen'
configure:3761: $? = 0
configure:3768: ./conftest.exe
configure:3772: $? = 0
configure:3787: result: no
configure:3792: checking for suffix of object files
configure:3814: cl -c -m64 -nologo  conftest.c >&5
cl.exe -D "WIN32" -nologo -Od -W3 -c -nologo   conftest.c
conftest.c
configure:3818: $? = 0
configure:3839: result: obj
configure:3843: checking whether we are using the GNU C compiler
configure:3862: cl -c -m64 -nologo  conftest.c >&5
cl.exe -D "WIN32" -nologo -Od -W3 -c -nologo   conftest.c
conftest.c
conftest.c(16) : error C2065: 'choke' : undeclared identifier
conftest.c(16) : error C2146: syntax error : missing ';' before identifier 'me'
conftest.c(19) : error C2065: 'me' : undeclared identifier
configure:3862: $? = 2
configure: failed program was:
| /* confdefs.h */
| #define PACKAGE_NAME "libffi"
| #define PACKAGE_TARNAME "libffi"
| #define PACKAGE_VERSION "3.0.13"
| #define PACKAGE_STRING "libffi 3.0.13"
| #define PACKAGE_BUGREPORT "http://github.com/atgreen/libffi/issues"
| #define PACKAGE_URL ""
| #define PACKAGE "libffi"
| #define VERSION "3.0.13"
| /* end confdefs.h.  */
| 
| int
| main ()
| {
| #ifndef __GNUC__
|        choke me
| #endif
| 
|   ;
|   return 0;
| }
configure:3871: result: no
configure:3880: checking whether cl accepts -g
configure:3900: cl -c -g  conftest.c >&5
cl.exe -D "WIN32" -D "_DEBUG" -nologo -Od -W3 -c -Zi   conftest.c
conftest.c
configure:3900: $? = 0
configure:3941: result: yes
configure:3958: checking for cl option to accept ISO C89
configure:4022: cl  -c -m64 -nologo  conftest.c >&5
cl.exe -D "WIN32" -nologo -Od -W3 -c -nologo   conftest.c
conftest.c
conftest.c(57) : warning C4113: 'char *(__cdecl *)()' differs in parameter lists from 'char *(__cdecl *)(char **,int)'
conftest.c(57) : warning C4113: 'char *(__cdecl *)()' differs in parameter lists from 'char *(__cdecl *)(char **,int)'
configure:4022: $? = 0
configure:4035: result: none needed
configure:4066: checking for style of include used by make
configure:4094: result: GNU
configure:4119: checking dependency style of cl
configure:4229: result: none
configure:4259: checking dependency style of cl
configure:4367: result: none
configure:4383: checking whether cl and cc understand -c and -o together
configure:4414: cl -c conftest.c -o conftest2.obj >&5
cl.exe -D "WIN32" -nologo -Od -W3 -c -Foconftest2.obj   conftest.c
conftest.c
configure:4418: $? = 0
configure:4424: cl -c conftest.c -o conftest2.obj >&5
cl.exe -D "WIN32" -nologo -Od -W3 -c -Foconftest2.obj   conftest.c
conftest.c
configure:4428: $? = 0
configure:4439: cc -c conftest.c >&5
./configure: line 4441: cc: command not found
configure:4443: $? = 127
configure:4483: result: yes
configure:4554: checking how to print strings
configure:4581: result: printf
configure:4602: checking for a sed that does not truncate output
configure:4666: result: /bin/sed
configure:4684: checking for grep that handles long lines and -e
configure:4742: result: /bin/grep
configure:4747: checking for egrep
configure:4809: result: /bin/grep -E
configure:4814: checking for fgrep
configure:4876: result: /bin/grep -F
configure:4944: checking for non-GNU ld
configure:4978: result: link.exe
configure:4985: checking if the linker (link.exe) is GNU ld
configure:5000: result: no
configure:5012: checking for BSD- or MS-compatible name lister (nm)
configure:5061: result: no
configure:5075: checking for x86_64-w64-mingw32-dumpbin
configure:5105: result: no
configure:5075: checking for x86_64-w64-mingw32-link
configure:5105: result: no
configure:5119: checking for dumpbin
configure:5135: found /c/Program Files (x86)/Microsoft Visual Studio 10.0/VC/bin/amd64/dumpbin
configure:5146: result: dumpbin
configure:5191: checking the name lister (dumpbin -symbols) interface
configure:5198: cl -c -m64 -nologo  conftest.c >&5
cl.exe -D "WIN32" -nologo -Od -W3 -c -nologo   conftest.c
conftest.c
configure:5201: dumpbin -symbols "conftest.obj"
configure:5204: output
Microsoft (R) COFF/PE Dumper Version 10.00.30319.01
Copyright (C) Microsoft Corporation.  All rights reserved.


Dump of file conftest.obj

File Type: COFF OBJECT

COFF SYMBOL TABLE
000 00AA766F ABS    notype       Static       | @comp.id
001 00000000 SECT1  notype       Static       | .drectve
    Section length   2F, #relocs    0, #linenums    0, checksum        0
003 00000000 SECT2  notype       Static       | .debug$S
    Section length   7C, #relocs    0, #linenums    0, checksum        0
005 00000000 SECT3  notype       Static       | .bss
    Section length    4, #relocs    0, #linenums    0, checksum        0
007 00000000 SECT3  notype       External     | some_variable

String Table Size = 0x12 bytes

  Summary

           4 .bss
          7C .debug$S
          2F .drectve
configure:5211: result: MS dumpbin
configure:5214: checking whether ln -s works
configure:5221: result: no, using cp -p
configure:5226: checking the maximum length of command line arguments
configure:5357: result: 8192
configure:5374: checking whether the shell understands some XSI constructs
configure:5384: result: yes
configure:5388: checking whether the shell understands "+="
configure:5394: result: yes
configure:5429: checking how to convert i686-pc-mingw32 file names to x86_64-w64-mingw32 format
configure:5469: result: func_convert_file_msys_to_w32
configure:5476: checking how to convert i686-pc-mingw32 file names to toolchain format
configure:5496: result: func_convert_file_msys_to_w32
configure:5503: checking for link.exe option to reload object files
configure:5510: result: -r
configure:5544: checking for x86_64-w64-mingw32-objdump
configure:5574: result: no
configure:5584: checking for objdump
configure:5600: found /bin/objdump
configure:5611: result: objdump
configure:5643: checking how to recognize dependent libraries
configure:5845: result: file_magic file format (pei*-i386(.*architecture: i386)?|pe-arm-wince|pe-x86-64)
configure:5890: checking for x86_64-w64-mingw32-dlltool
configure:5920: result: no
configure:5930: checking for dlltool
configure:5946: found /bin/dlltool
configure:5957: result: dlltool
configure:5990: checking how to associate runtime and link libraries
configure:6017: result: func_cygming_dll_for_implib
configure:6034: checking for x86_64-w64-mingw32-ar
configure:6064: result: no
configure:6078: checking for ar
configure:6094: found /bin/ar
configure:6105: result: ar
configure:6142: checking for archiver @FILE support
configure:6159: cl -c -m64 -nologo  conftest.c >&5
cl.exe -D "WIN32" -nologo -Od -W3 -c -nologo   conftest.c
conftest.c
configure:6159: $? = 0
configure:6162: ar cru libconftest.a @conftest.lst >&5
configure:6165: $? = 0
configure:6170: ar cru libconftest.a @conftest.lst >&5
F:\eclipse4.2\eclipse\mingw\bin\ar.exe: conftest.obj: No such file or directory
configure:6173: $? = 1
configure:6185: result: @
configure:6203: checking for x86_64-w64-mingw32-strip
configure:6230: result: strip
configure:6302: checking for x86_64-w64-mingw32-ranlib
configure:6332: result: no
configure:6342: checking for ranlib
configure:6358: found /bin/ranlib
configure:6369: result: ranlib
configure:6471: checking command to parse dumpbin -symbols output from cl object
configure:6591: cl -c -m64 -nologo  conftest.c >&5
cl.exe -D "WIN32" -nologo -Od -W3 -c -nologo   conftest.c
conftest.c
configure:6594: $? = 0
configure:6598: dumpbin -symbols conftest.obj \| gawk ' {last_section=section; section=$ 3}; /^COFF SYMBOL TABLE/{for(i in hide) delete hide[i]}; /Section length .*#relocs.*(pick any)/{hide[last_section]=1}; $ 0!~/External *\|/{next}; / 0+ UNDEF /{next}; / UNDEF \([^|]\)*()/{next}; {if(hide[section]) next}; {f=0}; $ 0~/\(\).*\|/{f=1}; {printf f ? T  : D }; {split($ 0, a, /\||\r/); split(a[2], s)}; s[1]~/^[@?]/{print s[1], s[1]; next}; s[1]~prfx {split(s[1],t,@); print t[1], substr(t[1],length(prfx))} ' prfx=^ | sed '/ __gnu_lto/d' \> conftest.nm
configure:6601: $? = 0
configure:6667: cl -o conftest.exe -m64 -nologo   conftest.c conftstm.obj >&5
cl.exe -D "WIN32" -nologo -Od -W3 -Feconftest.exe -nologo   conftest.c  conftstm.obj -link -NOLOGO
conftest.c
configure:6670: $? = 0
configure:6708: result: ok
configure:6745: checking for sysroot
configure:6775: result: no
configure:6998: checking for x86_64-w64-mingw32-mt
configure:7028: result: no
configure:7038: checking for mt
configure:7054: found /c/Program Files/Microsoft SDKs/Windows/v7.1/BIN/x64/mt
configure:7065: result: mt
configure:7088: checking if mt is a manifest tool
configure:7094: mt '-?'
configure:7102: result: yes
configure:7744: checking how to run the C preprocessor
configure:7775: cl -E  conftest.c
conftest.c
configure:7775: $? = 0
configure:7789: cl -E  conftest.c
conftest.c
conftest.c(11) : fatal error C1083: Cannot open include file: 'ac_nonexistent.h': No such file or directory
configure:7789: $? = 2
configure: failed program was:
| /* confdefs.h */
| #define PACKAGE_NAME "libffi"
| #define PACKAGE_TARNAME "libffi"
| #define PACKAGE_VERSION "3.0.13"
| #define PACKAGE_STRING "libffi 3.0.13"
| #define PACKAGE_BUGREPORT "http://github.com/atgreen/libffi/issues"
| #define PACKAGE_URL ""
| #define PACKAGE "libffi"
| #define VERSION "3.0.13"
| /* end confdefs.h.  */
| #include <ac_nonexistent.h>
configure:7814: result: cl -E
configure:7834: cl -E  conftest.c
conftest.c
configure:7834: $? = 0
configure:7848: cl -E  conftest.c
conftest.c
conftest.c(11) : fatal error C1083: Cannot open include file: 'ac_nonexistent.h': No such file or directory
configure:7848: $? = 2
configure: failed program was:
| /* confdefs.h */
| #define PACKAGE_NAME "libffi"
| #define PACKAGE_TARNAME "libffi"
| #define PACKAGE_VERSION "3.0.13"
| #define PACKAGE_STRING "libffi 3.0.13"
| #define PACKAGE_BUGREPORT "http://github.com/atgreen/libffi/issues"
| #define PACKAGE_URL ""
| #define PACKAGE "libffi"
| #define VERSION "3.0.13"
| /* end confdefs.h.  */
| #include <ac_nonexistent.h>
configure:7877: checking for ANSI C header files
configure:7897: cl -c -m64 -nologo  conftest.c >&5
cl.exe -D "WIN32" -nologo -Od -W3 -c -nologo   conftest.c
conftest.c
configure:7897: $? = 0
conftest.c
conftest.c
configure:7970: cl -o conftest.exe -m64 -nologo   conftest.c  >&5
cl.exe -D "WIN32" -nologo -Od -W3 -Feconftest.exe -nologo   conftest.c  -link -NOLOGO
conftest.c
configure:7970: $? = 0
configure:7970: ./conftest.exe
configure:7970: $? = 0
configure:7981: result: yes
configure:7994: checking for sys/types.h
configure:7994: cl -c -m64 -nologo  conftest.c >&5
cl.exe -D "WIN32" -nologo -Od -W3 -c -nologo   conftest.c
conftest.c
configure:7994: $? = 0
configure:7994: result: yes
configure:7994: checking for sys/stat.h
configure:7994: cl -c -m64 -nologo  conftest.c >&5
cl.exe -D "WIN32" -nologo -Od -W3 -c -nologo   conftest.c
conftest.c
configure:7994: $? = 0
configure:7994: result: yes
configure:7994: checking for stdlib.h
configure:7994: cl -c -m64 -nologo  conftest.c >&5
cl.exe -D "WIN32" -nologo -Od -W3 -c -nologo   conftest.c
conftest.c
configure:7994: $? = 0
configure:7994: result: yes
configure:7994: checking for string.h
configure:7994: cl -c -m64 -nologo  conftest.c >&5
cl.exe -D "WIN32" -nologo -Od -W3 -c -nologo   conftest.c
conftest.c
configure:7994: $? = 0
configure:7994: result: yes
configure:7994: checking for memory.h
configure:7994: cl -c -m64 -nologo  conftest.c >&5
cl.exe -D "WIN32" -nologo -Od -W3 -c -nologo   conftest.c
conftest.c
configure:7994: $? = 0
configure:7994: result: yes
configure:7994: checking for strings.h
configure:7994: cl -c -m64 -nologo  conftest.c >&5
cl.exe -D "WIN32" -nologo -Od -W3 -c -nologo   conftest.c
conftest.c
conftest.c(51) : fatal error C1083: Cannot open include file: 'strings.h': No such file or directory
configure:7994: $? = 2
configure: failed program was:
| /* confdefs.h */
| #define PACKAGE_NAME "libffi"
| #define PACKAGE_TARNAME "libffi"
| #define PACKAGE_VERSION "3.0.13"
| #define PACKAGE_STRING "libffi 3.0.13"
| #define PACKAGE_BUGREPORT "http://github.com/atgreen/libffi/issues"
| #define PACKAGE_URL ""
| #define PACKAGE "libffi"
| #define VERSION "3.0.13"
| #define STDC_HEADERS 1
| #define HAVE_SYS_TYPES_H 1
| #define HAVE_SYS_STAT_H 1
| #define HAVE_STDLIB_H 1
| #define HAVE_STRING_H 1
| #define HAVE_MEMORY_H 1
| /* end confdefs.h.  */
| #include <stdio.h>
| #ifdef HAVE_SYS_TYPES_H
| # include <sys/types.h>
| #endif
| #ifdef HAVE_SYS_STAT_H
| # include <sys/stat.h>
| #endif
| #ifdef STDC_HEADERS
| # include <stdlib.h>
| # include <stddef.h>
| #else
| # ifdef HAVE_STDLIB_H
| #  include <stdlib.h>
| # endif
| #endif
| #ifdef HAVE_STRING_H
| # if !defined STDC_HEADERS && defined HAVE_MEMORY_H
| #  include <memory.h>
| # endif
| # include <string.h>
| #endif
| #ifdef HAVE_STRINGS_H
| # include <strings.h>
| #endif
| #ifdef HAVE_INTTYPES_H
| # include <inttypes.h>
| #endif
| #ifdef HAVE_STDINT_H
| # include <stdint.h>
| #endif
| #ifdef HAVE_UNISTD_H
| # include <unistd.h>
| #endif
| 
| #include <strings.h>
configure:7994: result: no
configure:7994: checking for inttypes.h
configure:7994: cl -c -m64 -nologo  conftest.c >&5
cl.exe -D "WIN32" -nologo -Od -W3 -c -nologo   conftest.c
conftest.c
conftest.c(51) : fatal error C1083: Cannot open include file: 'inttypes.h': No such file or directory
configure:7994: $? = 2
configure: failed program was:
| /* confdefs.h */
| #define PACKAGE_NAME "libffi"
| #define PACKAGE_TARNAME "libffi"
| #define PACKAGE_VERSION "3.0.13"
| #define PACKAGE_STRING "libffi 3.0.13"
| #define PACKAGE_BUGREPORT "http://github.com/atgreen/libffi/issues"
| #define PACKAGE_URL ""
| #define PACKAGE "libffi"
| #define VERSION "3.0.13"
| #define STDC_HEADERS 1
| #define HAVE_SYS_TYPES_H 1
| #define HAVE_SYS_STAT_H 1
| #define HAVE_STDLIB_H 1
| #define HAVE_STRING_H 1
| #define HAVE_MEMORY_H 1
| /* end confdefs.h.  */
| #include <stdio.h>
| #ifdef HAVE_SYS_TYPES_H
| # include <sys/types.h>
| #endif
| #ifdef HAVE_SYS_STAT_H
| # include <sys/stat.h>
| #endif
| #ifdef STDC_HEADERS
| # include <stdlib.h>
| # include <stddef.h>
| #else
| # ifdef HAVE_STDLIB_H
| #  include <stdlib.h>
| # endif
| #endif
| #ifdef HAVE_STRING_H
| # if !defined STDC_HEADERS && defined HAVE_MEMORY_H
| #  include <memory.h>
| # endif
| # include <string.h>
| #endif
| #ifdef HAVE_STRINGS_H
| # include <strings.h>
| #endif
| #ifdef HAVE_INTTYPES_H
| # include <inttypes.h>
| #endif
| #ifdef HAVE_STDINT_H
| # include <stdint.h>
| #endif
| #ifdef HAVE_UNISTD_H
| # include <unistd.h>
| #endif
| 
| #include <inttypes.h>
configure:7994: result: no
configure:7994: checking for stdint.h
configure:7994: cl -c -m64 -nologo  conftest.c >&5
cl.exe -D "WIN32" -nologo -Od -W3 -c -nologo   conftest.c
conftest.c
configure:7994: $? = 0
configure:7994: result: yes
configure:7994: checking for unistd.h
configure:7994: cl -c -m64 -nologo  conftest.c >&5
cl.exe -D "WIN32" -nologo -Od -W3 -c -nologo   conftest.c
conftest.c
conftest.c(52) : fatal error C1083: Cannot open include file: 'unistd.h': No such file or directory
configure:7994: $? = 2
configure: failed program was:
| /* confdefs.h */
| #define PACKAGE_NAME "libffi"
| #define PACKAGE_TARNAME "libffi"
| #define PACKAGE_VERSION "3.0.13"
| #define PACKAGE_STRING "libffi 3.0.13"
| #define PACKAGE_BUGREPORT "http://github.com/atgreen/libffi/issues"
| #define PACKAGE_URL ""
| #define PACKAGE "libffi"
| #define VERSION "3.0.13"
| #define STDC_HEADERS 1
| #define HAVE_SYS_TYPES_H 1
| #define HAVE_SYS_STAT_H 1
| #define HAVE_STDLIB_H 1
| #define HAVE_STRING_H 1
| #define HAVE_MEMORY_H 1
| #define HAVE_STDINT_H 1
| /* end confdefs.h.  */
| #include <stdio.h>
| #ifdef HAVE_SYS_TYPES_H
| # include <sys/types.h>
| #endif
| #ifdef HAVE_SYS_STAT_H
| # include <sys/stat.h>
| #endif
| #ifdef STDC_HEADERS
| # include <stdlib.h>
| # include <stddef.h>
| #else
| # ifdef HAVE_STDLIB_H
| #  include <stdlib.h>
| # endif
| #endif
| #ifdef HAVE_STRING_H
| # if !defined STDC_HEADERS && defined HAVE_MEMORY_H
| #  include <memory.h>
| # endif
| # include <string.h>
| #endif
| #ifdef HAVE_STRINGS_H
| # include <strings.h>
| #endif
| #ifdef HAVE_INTTYPES_H
| # include <inttypes.h>
| #endif
| #ifdef HAVE_STDINT_H
| # include <stdint.h>
| #endif
| #ifdef HAVE_UNISTD_H
| # include <unistd.h>
| #endif
| 
| #include <unistd.h>
configure:7994: result: no
configure:8008: checking for dlfcn.h
configure:8008: cl -c -m64 -nologo  conftest.c >&5
cl.exe -D "WIN32" -nologo -Od -W3 -c -nologo   conftest.c
conftest.c
conftest.c(52) : fatal error C1083: Cannot open include file: 'dlfcn.h': No such file or directory
configure:8008: $? = 2
configure: failed program was:
| /* confdefs.h */
| #define PACKAGE_NAME "libffi"
| #define PACKAGE_TARNAME "libffi"
| #define PACKAGE_VERSION "3.0.13"
| #define PACKAGE_STRING "libffi 3.0.13"
| #define PACKAGE_BUGREPORT "http://github.com/atgreen/libffi/issues"
| #define PACKAGE_URL ""
| #define PACKAGE "libffi"
| #define VERSION "3.0.13"
| #define STDC_HEADERS 1
| #define HAVE_SYS_TYPES_H 1
| #define HAVE_SYS_STAT_H 1
| #define HAVE_STDLIB_H 1
| #define HAVE_STRING_H 1
| #define HAVE_MEMORY_H 1
| #define HAVE_STDINT_H 1
| /* end confdefs.h.  */
| #include <stdio.h>
| #ifdef HAVE_SYS_TYPES_H
| # include <sys/types.h>
| #endif
| #ifdef HAVE_SYS_STAT_H
| # include <sys/stat.h>
| #endif
| #ifdef STDC_HEADERS
| # include <stdlib.h>
| # include <stddef.h>
| #else
| # ifdef HAVE_STDLIB_H
| #  include <stdlib.h>
| # endif
| #endif
| #ifdef HAVE_STRING_H
| # if !defined STDC_HEADERS && defined HAVE_MEMORY_H
| #  include <memory.h>
| # endif
| # include <string.h>
| #endif
| #ifdef HAVE_STRINGS_H
| # include <strings.h>
| #endif
| #ifdef HAVE_INTTYPES_H
| # include <inttypes.h>
| #endif
| #ifdef HAVE_STDINT_H
| # include <stdint.h>
| #endif
| #ifdef HAVE_UNISTD_H
| # include <unistd.h>
| #endif
| 
| #include <dlfcn.h>
configure:8008: result: no
configure:8214: checking for objdir
configure:8229: result: .libs
cl.exe -D "WIN32" -nologo -Od -W3 -c -nologo   conftest.c
conftest.c
cl.exe -D "WIN32" -nologo -Od -W3 -Feconftest.exe -nologo   conftest.c  -link -NOLOGO
conftest.c
configure:8862: checking for cl option to produce PIC
configure:8869: result: -DDLL_EXPORT -DPIC
configure:8877: checking if cl PIC flag -DDLL_EXPORT -DPIC works
configure:8895: cl -c -m64 -nologo  -DDLL_EXPORT -DPIC -DPIC conftest.c >&5
cl.exe -D "WIN32" -D "DLL_EXPORT" -D "PIC" -nologo -Od -W3 -c -nologo   conftest.c
conftest.c
configure:8899: $? = 0
configure:8912: result: yes
configure:8941: checking if cl static flag  works
cl.exe -D "WIN32" -nologo -Od -W3 -Feconftest.exe -nologo   conftest.c  -link -NOLOGO
conftest.c
configure:8969: result: yes
configure:8984: checking if cl supports -c -o file.obj
configure:9005: cl -c -m64 -nologo  -o out/conftest2.obj conftest.c >&5
cl.exe -D "WIN32" -nologo -Od -W3 -c -nologo -Foout/conftest2.obj   conftest.c
conftest.c
configure:9009: $? = 0
configure:9031: result: yes
configure:9039: checking if cl supports -c -o file.obj
configure:9086: result: yes
configure:9119: checking whether the cl linker (link.exe) supports shared libraries
configure:10272: result: yes
configure:10512: checking dynamic linker characteristics
configure:11249: result: Win32 link.exe
configure:11356: checking how to hardcode library paths into programs
configure:11381: result: immediate
configure:11921: checking whether stripping libraries is possible
configure:11926: result: yes
configure:11961: checking if libtool supports shared libraries
configure:11963: result: yes
configure:11966: checking whether to build shared libraries
configure:11987: result: yes
configure:11990: checking whether to build static libraries
configure:11994: result: yes
configure:12038: checking size of size_t
configure:12043: cl -o conftest.exe -m64 -nologo   conftest.c  >&5
cl.exe -D "WIN32" -nologo -Od -W3 -Feconftest.exe -nologo   conftest.c  -link -NOLOGO
conftest.c
conftest.c(60) : warning C4996: 'fopen': This function or variable may be unsafe. Consider using fopen_s instead. To disable deprecation, use _CRT_SECURE_NO_WARNINGS. See online help for details.
        C:\Program Files (x86)\Microsoft Visual Studio 10.0\VC\INCLUDE\stdio.h(234) : see declaration of 'fopen'
configure:12043: $? = 0
configure:12043: ./conftest.exe
configure:12043: $? = 0
configure:12057: result: 8
configure:12068: checking for C compiler vendor
configure:12113: cl -c -m64 -nologo  conftest.c >&5
cl.exe -D "WIN32" -nologo -Od -W3 -c -nologo   conftest.c
conftest.c
conftest.c(26) : error C2065: 'thisisanerror' : undeclared identifier
configure:12113: $? = 2
configure: failed program was:
| /* confdefs.h */
| #define PACKAGE_NAME "libffi"
| #define PACKAGE_TARNAME "libffi"
| #define PACKAGE_VERSION "3.0.13"
| #define PACKAGE_STRING "libffi 3.0.13"
| #define PACKAGE_BUGREPORT "http://github.com/atgreen/libffi/issues"
| #define PACKAGE_URL ""
| #define PACKAGE "libffi"
| #define VERSION "3.0.13"
| #define STDC_HEADERS 1
| #define HAVE_SYS_TYPES_H 1
| #define HAVE_SYS_STAT_H 1
| #define HAVE_STDLIB_H 1
| #define HAVE_STRING_H 1
| #define HAVE_MEMORY_H 1
| #define HAVE_STDINT_H 1
| #define LT_OBJDIR ".libs/"
| #define SIZEOF_SIZE_T 8
| /* end confdefs.h.  */
| 
| int
| main ()
| {
| 
|       #if !(defined(__ICC) || defined(__ECC) || defined(__INTEL_COMPILER))
|         thisisanerror;
|       #endif
| 
|   ;
|   return 0;
| }
configure:12113: cl -c -m64 -nologo  conftest.c >&5
cl.exe -D "WIN32" -nologo -Od -W3 -c -nologo   conftest.c
conftest.c
conftest.c(26) : error C2065: 'thisisanerror' : undeclared identifier
configure:12113: $? = 2
configure: failed program was:
| /* confdefs.h */
| #define PACKAGE_NAME "libffi"
| #define PACKAGE_TARNAME "libffi"
| #define PACKAGE_VERSION "3.0.13"
| #define PACKAGE_STRING "libffi 3.0.13"
| #define PACKAGE_BUGREPORT "http://github.com/atgreen/libffi/issues"
| #define PACKAGE_URL ""
| #define PACKAGE "libffi"
| #define VERSION "3.0.13"
| #define STDC_HEADERS 1
| #define HAVE_SYS_TYPES_H 1
| #define HAVE_SYS_STAT_H 1
| #define HAVE_STDLIB_H 1
| #define HAVE_STRING_H 1
| #define HAVE_MEMORY_H 1
| #define HAVE_STDINT_H 1
| #define LT_OBJDIR ".libs/"
| #define SIZEOF_SIZE_T 8
| /* end confdefs.h.  */
| 
| int
| main ()
| {
| 
|       #if !(defined(__xlc__) || defined(__xlC__) || defined(__IBMC__) || defined(__IBMCPP__))
|         thisisanerror;
|       #endif
| 
|   ;
|   return 0;
| }
configure:12113: cl -c -m64 -nologo  conftest.c >&5
cl.exe -D "WIN32" -nologo -Od -W3 -c -nologo   conftest.c
conftest.c
conftest.c(26) : error C2065: 'thisisanerror' : undeclared identifier
configure:12113: $? = 2
configure: failed program was:
| /* confdefs.h */
| #define PACKAGE_NAME "libffi"
| #define PACKAGE_TARNAME "libffi"
| #define PACKAGE_VERSION "3.0.13"
| #define PACKAGE_STRING "libffi 3.0.13"
| #define PACKAGE_BUGREPORT "http://github.com/atgreen/libffi/issues"
| #define PACKAGE_URL ""
| #define PACKAGE "libffi"
| #define VERSION "3.0.13"
| #define STDC_HEADERS 1
| #define HAVE_SYS_TYPES_H 1
| #define HAVE_SYS_STAT_H 1
| #define HAVE_STDLIB_H 1
| #define HAVE_STRING_H 1
| #define HAVE_MEMORY_H 1
| #define HAVE_STDINT_H 1
| #define LT_OBJDIR ".libs/"
| #define SIZEOF_SIZE_T 8
| /* end confdefs.h.  */
| 
| int
| main ()
| {
| 
|       #if !(defined(__PATHCC__) || defined(__PATHSCALE__))
|         thisisanerror;
|       #endif
| 
|   ;
|   return 0;
| }
configure:12113: cl -c -m64 -nologo  conftest.c >&5
cl.exe -D "WIN32" -nologo -Od -W3 -c -nologo   conftest.c
conftest.c
conftest.c(26) : error C2065: 'thisisanerror' : undeclared identifier
configure:12113: $? = 2
configure: failed program was:
| /* confdefs.h */
| #define PACKAGE_NAME "libffi"
| #define PACKAGE_TARNAME "libffi"
| #define PACKAGE_VERSION "3.0.13"
| #define PACKAGE_STRING "libffi 3.0.13"
| #define PACKAGE_BUGREPORT "http://github.com/atgreen/libffi/issues"
| #define PACKAGE_URL ""
| #define PACKAGE "libffi"
| #define VERSION "3.0.13"
| #define STDC_HEADERS 1
| #define HAVE_SYS_TYPES_H 1
| #define HAVE_SYS_STAT_H 1
| #define HAVE_STDLIB_H 1
| #define HAVE_STRING_H 1
| #define HAVE_MEMORY_H 1
| #define HAVE_STDINT_H 1
| #define LT_OBJDIR ".libs/"
| #define SIZEOF_SIZE_T 8
| /* end confdefs.h.  */
| 
| int
| main ()
| {
| 
|       #if !(defined(__clang__))
|         thisisanerror;
|       #endif
| 
|   ;
|   return 0;
| }
configure:12113: cl -c -m64 -nologo  conftest.c >&5
cl.exe -D "WIN32" -nologo -Od -W3 -c -nologo   conftest.c
conftest.c
conftest.c(26) : error C2065: 'thisisanerror' : undeclared identifier
configure:12113: $? = 2
configure: failed program was:
| /* confdefs.h */
| #define PACKAGE_NAME "libffi"
| #define PACKAGE_TARNAME "libffi"
| #define PACKAGE_VERSION "3.0.13"
| #define PACKAGE_STRING "libffi 3.0.13"
| #define PACKAGE_BUGREPORT "http://github.com/atgreen/libffi/issues"
| #define PACKAGE_URL ""
| #define PACKAGE "libffi"
| #define VERSION "3.0.13"
| #define STDC_HEADERS 1
| #define HAVE_SYS_TYPES_H 1
| #define HAVE_SYS_STAT_H 1
| #define HAVE_STDLIB_H 1
| #define HAVE_STRING_H 1
| #define HAVE_MEMORY_H 1
| #define HAVE_STDINT_H 1
| #define LT_OBJDIR ".libs/"
| #define SIZEOF_SIZE_T 8
| /* end confdefs.h.  */
| 
| int
| main ()
| {
| 
|       #if !(defined(__GNUC__))
|         thisisanerror;
|       #endif
| 
|   ;
|   return 0;
| }
configure:12113: cl -c -m64 -nologo  conftest.c >&5
cl.exe -D "WIN32" -nologo -Od -W3 -c -nologo   conftest.c
conftest.c
conftest.c(26) : error C2065: 'thisisanerror' : undeclared identifier
configure:12113: $? = 2
configure: failed program was:
| /* confdefs.h */
| #define PACKAGE_NAME "libffi"
| #define PACKAGE_TARNAME "libffi"
| #define PACKAGE_VERSION "3.0.13"
| #define PACKAGE_STRING "libffi 3.0.13"
| #define PACKAGE_BUGREPORT "http://github.com/atgreen/libffi/issues"
| #define PACKAGE_URL ""
| #define PACKAGE "libffi"
| #define VERSION "3.0.13"
| #define STDC_HEADERS 1
| #define HAVE_SYS_TYPES_H 1
| #define HAVE_SYS_STAT_H 1
| #define HAVE_STDLIB_H 1
| #define HAVE_STRING_H 1
| #define HAVE_MEMORY_H 1
| #define HAVE_STDINT_H 1
| #define LT_OBJDIR ".libs/"
| #define SIZEOF_SIZE_T 8
| /* end confdefs.h.  */
| 
| int
| main ()
| {
| 
|       #if !(defined(__SUNPRO_C) || defined(__SUNPRO_CC))
|         thisisanerror;
|       #endif
| 
|   ;
|   return 0;
| }
configure:12113: cl -c -m64 -nologo  conftest.c >&5
cl.exe -D "WIN32" -nologo -Od -W3 -c -nologo   conftest.c
conftest.c
conftest.c(26) : error C2065: 'thisisanerror' : undeclared identifier
configure:12113: $? = 2
configure: failed program was:
| /* confdefs.h */
| #define PACKAGE_NAME "libffi"
| #define PACKAGE_TARNAME "libffi"
| #define PACKAGE_VERSION "3.0.13"
| #define PACKAGE_STRING "libffi 3.0.13"
| #define PACKAGE_BUGREPORT "http://github.com/atgreen/libffi/issues"
| #define PACKAGE_URL ""
| #define PACKAGE "libffi"
| #define VERSION "3.0.13"
| #define STDC_HEADERS 1
| #define HAVE_SYS_TYPES_H 1
| #define HAVE_SYS_STAT_H 1
| #define HAVE_STDLIB_H 1
| #define HAVE_STRING_H 1
| #define HAVE_MEMORY_H 1
| #define HAVE_STDINT_H 1
| #define LT_OBJDIR ".libs/"
| #define SIZEOF_SIZE_T 8
| /* end confdefs.h.  */
| 
| int
| main ()
| {
| 
|       #if !(defined(__HP_cc) || defined(__HP_aCC))
|         thisisanerror;
|       #endif
| 
|   ;
|   return 0;
| }
configure:12113: cl -c -m64 -nologo  conftest.c >&5
cl.exe -D "WIN32" -nologo -Od -W3 -c -nologo   conftest.c
conftest.c
conftest.c(26) : error C2065: 'thisisanerror' : undeclared identifier
configure:12113: $? = 2
configure: failed program was:
| /* confdefs.h */
| #define PACKAGE_NAME "libffi"
| #define PACKAGE_TARNAME "libffi"
| #define PACKAGE_VERSION "3.0.13"
| #define PACKAGE_STRING "libffi 3.0.13"
| #define PACKAGE_BUGREPORT "http://github.com/atgreen/libffi/issues"
| #define PACKAGE_URL ""
| #define PACKAGE "libffi"
| #define VERSION "3.0.13"
| #define STDC_HEADERS 1
| #define HAVE_SYS_TYPES_H 1
| #define HAVE_SYS_STAT_H 1
| #define HAVE_STDLIB_H 1
| #define HAVE_STRING_H 1
| #define HAVE_MEMORY_H 1
| #define HAVE_STDINT_H 1
| #define LT_OBJDIR ".libs/"
| #define SIZEOF_SIZE_T 8
| /* end confdefs.h.  */
| 
| int
| main ()
| {
| 
|       #if !(defined(__DECC) || defined(__DECCXX) || defined(__DECC_VER) || defined(__DECCXX_VER))
|         thisisanerror;
|       #endif
| 
|   ;
|   return 0;
| }
configure:12113: cl -c -m64 -nologo  conftest.c >&5
cl.exe -D "WIN32" -nologo -Od -W3 -c -nologo   conftest.c
conftest.c
conftest.c(26) : error C2065: 'thisisanerror' : undeclared identifier
configure:12113: $? = 2
configure: failed program was:
| /* confdefs.h */
| #define PACKAGE_NAME "libffi"
| #define PACKAGE_TARNAME "libffi"
| #define PACKAGE_VERSION "3.0.13"
| #define PACKAGE_STRING "libffi 3.0.13"
| #define PACKAGE_BUGREPORT "http://github.com/atgreen/libffi/issues"
| #define PACKAGE_URL ""
| #define PACKAGE "libffi"
| #define VERSION "3.0.13"
| #define STDC_HEADERS 1
| #define HAVE_SYS_TYPES_H 1
| #define HAVE_SYS_STAT_H 1
| #define HAVE_STDLIB_H 1
| #define HAVE_STRING_H 1
| #define HAVE_MEMORY_H 1
| #define HAVE_STDINT_H 1
| #define LT_OBJDIR ".libs/"
| #define SIZEOF_SIZE_T 8
| /* end confdefs.h.  */
| 
| int
| main ()
| {
| 
|       #if !(defined(__BORLANDC__) || defined(__TURBOC__))
|         thisisanerror;
|       #endif
| 
|   ;
|   return 0;
| }
configure:12113: cl -c -m64 -nologo  conftest.c >&5
cl.exe -D "WIN32" -nologo -Od -W3 -c -nologo   conftest.c
conftest.c
conftest.c(26) : error C2065: 'thisisanerror' : undeclared identifier
configure:12113: $? = 2
configure: failed program was:
| /* confdefs.h */
| #define PACKAGE_NAME "libffi"
| #define PACKAGE_TARNAME "libffi"
| #define PACKAGE_VERSION "3.0.13"
| #define PACKAGE_STRING "libffi 3.0.13"
| #define PACKAGE_BUGREPORT "http://github.com/atgreen/libffi/issues"
| #define PACKAGE_URL ""
| #define PACKAGE "libffi"
| #define VERSION "3.0.13"
| #define STDC_HEADERS 1
| #define HAVE_SYS_TYPES_H 1
| #define HAVE_SYS_STAT_H 1
| #define HAVE_STDLIB_H 1
| #define HAVE_STRING_H 1
| #define HAVE_MEMORY_H 1
| #define HAVE_STDINT_H 1
| #define LT_OBJDIR ".libs/"
| #define SIZEOF_SIZE_T 8
| /* end confdefs.h.  */
| 
| int
| main ()
| {
| 
|       #if !(defined(__COMO__))
|         thisisanerror;
|       #endif
| 
|   ;
|   return 0;
| }
configure:12113: cl -c -m64 -nologo  conftest.c >&5
cl.exe -D "WIN32" -nologo -Od -W3 -c -nologo   conftest.c
conftest.c
conftest.c(26) : error C2065: 'thisisanerror' : undeclared identifier
configure:12113: $? = 2
configure: failed program was:
| /* confdefs.h */
| #define PACKAGE_NAME "libffi"
| #define PACKAGE_TARNAME "libffi"
| #define PACKAGE_VERSION "3.0.13"
| #define PACKAGE_STRING "libffi 3.0.13"
| #define PACKAGE_BUGREPORT "http://github.com/atgreen/libffi/issues"
| #define PACKAGE_URL ""
| #define PACKAGE "libffi"
| #define VERSION "3.0.13"
| #define STDC_HEADERS 1
| #define HAVE_SYS_TYPES_H 1
| #define HAVE_SYS_STAT_H 1
| #define HAVE_STDLIB_H 1
| #define HAVE_STRING_H 1
| #define HAVE_MEMORY_H 1
| #define HAVE_STDINT_H 1
| #define LT_OBJDIR ".libs/"
| #define SIZEOF_SIZE_T 8
| /* end confdefs.h.  */
| 
| int
| main ()
| {
| 
|       #if !(defined(_CRAYC))
|         thisisanerror;
|       #endif
| 
|   ;
|   return 0;
| }
configure:12113: cl -c -m64 -nologo  conftest.c >&5
cl.exe -D "WIN32" -nologo -Od -W3 -c -nologo   conftest.c
conftest.c
conftest.c(26) : error C2065: 'thisisanerror' : undeclared identifier
configure:12113: $? = 2
configure: failed program was:
| /* confdefs.h */
| #define PACKAGE_NAME "libffi"
| #define PACKAGE_TARNAME "libffi"
| #define PACKAGE_VERSION "3.0.13"
| #define PACKAGE_STRING "libffi 3.0.13"
| #define PACKAGE_BUGREPORT "http://github.com/atgreen/libffi/issues"
| #define PACKAGE_URL ""
| #define PACKAGE "libffi"
| #define VERSION "3.0.13"
| #define STDC_HEADERS 1
| #define HAVE_SYS_TYPES_H 1
| #define HAVE_SYS_STAT_H 1
| #define HAVE_STDLIB_H 1
| #define HAVE_STRING_H 1
| #define HAVE_MEMORY_H 1
| #define HAVE_STDINT_H 1
| #define LT_OBJDIR ".libs/"
| #define SIZEOF_SIZE_T 8
| /* end confdefs.h.  */
| 
| int
| main ()
| {
| 
|       #if !(defined(__KCC))
|         thisisanerror;
|       #endif
| 
|   ;
|   return 0;
| }
configure:12113: cl -c -m64 -nologo  conftest.c >&5
cl.exe -D "WIN32" -nologo -Od -W3 -c -nologo   conftest.c
conftest.c
conftest.c(26) : error C2065: 'thisisanerror' : undeclared identifier
configure:12113: $? = 2
configure: failed program was:
| /* confdefs.h */
| #define PACKAGE_NAME "libffi"
| #define PACKAGE_TARNAME "libffi"
| #define PACKAGE_VERSION "3.0.13"
| #define PACKAGE_STRING "libffi 3.0.13"
| #define PACKAGE_BUGREPORT "http://github.com/atgreen/libffi/issues"
| #define PACKAGE_URL ""
| #define PACKAGE "libffi"
| #define VERSION "3.0.13"
| #define STDC_HEADERS 1
| #define HAVE_SYS_TYPES_H 1
| #define HAVE_SYS_STAT_H 1
| #define HAVE_STDLIB_H 1
| #define HAVE_STRING_H 1
| #define HAVE_MEMORY_H 1
| #define HAVE_STDINT_H 1
| #define LT_OBJDIR ".libs/"
| #define SIZEOF_SIZE_T 8
| /* end confdefs.h.  */
| 
| int
| main ()
| {
| 
|       #if !(defined(__LCC__))
|         thisisanerror;
|       #endif
| 
|   ;
|   return 0;
| }
configure:12113: cl -c -m64 -nologo  conftest.c >&5
cl.exe -D "WIN32" -nologo -Od -W3 -c -nologo   conftest.c
conftest.c
conftest.c(26) : error C2065: 'thisisanerror' : undeclared identifier
configure:12113: $? = 2
configure: failed program was:
| /* confdefs.h */
| #define PACKAGE_NAME "libffi"
| #define PACKAGE_TARNAME "libffi"
| #define PACKAGE_VERSION "3.0.13"
| #define PACKAGE_STRING "libffi 3.0.13"
| #define PACKAGE_BUGREPORT "http://github.com/atgreen/libffi/issues"
| #define PACKAGE_URL ""
| #define PACKAGE "libffi"
| #define VERSION "3.0.13"
| #define STDC_HEADERS 1
| #define HAVE_SYS_TYPES_H 1
| #define HAVE_SYS_STAT_H 1
| #define HAVE_STDLIB_H 1
| #define HAVE_STRING_H 1
| #define HAVE_MEMORY_H 1
| #define HAVE_STDINT_H 1
| #define LT_OBJDIR ".libs/"
| #define SIZEOF_SIZE_T 8
| /* end confdefs.h.  */
| 
| int
| main ()
| {
| 
|       #if !(defined(__sgi) || defined(sgi))
|         thisisanerror;
|       #endif
| 
|   ;
|   return 0;
| }
configure:12113: cl -c -m64 -nologo  conftest.c >&5
cl.exe -D "WIN32" -nologo -Od -W3 -c -nologo   conftest.c
conftest.c
configure:12113: $? = 0
configure:12121: result: microsoft
configure:12954: : CFLAGS="$CFLAGS "
configure:12957: $? = 0
configure:12972: checking CFLAGS for maximum warnings
configure:12992: cl -c -m64 -nologo  -warn all  -warn all  conftest.c >&5
cl.exe -D "WIN32" -nologo -Od -W3 -c -nologo -Wall -Wall   conftest.c
conftest.c
conftest.c(22) : warning C4255: 'main' : no function prototype given: converting '()' to '(void)'
configure:12992: $? = 0
configure:13000: result: -warn all
configure:13016: : CFLAGS="$CFLAGS $ac_cv_cflags_warn_all"
configure:13019: $? = 0
configure:13049: checking whether to enable maintainer-specific portions of Makefiles
configure:13058: result: no
configure:13074: checking sys/mman.h usability
configure:13074: cl -c -m64 -nologo  -warn all  conftest.c >&5
cl.exe -D "WIN32" -nologo -Od -W3 -c -nologo -Wall   conftest.c
conftest.c
c:\program files (x86)\microsoft visual studio 10.0\vc\include\codeanalysis\sourceannotations.h(91) : warning C4820: 'PreAttribute' : '4' bytes padding added after data member 'Access'
c:\program files (x86)\microsoft visual studio 10.0\vc\include\codeanalysis\sourceannotations.h(106) : warning C4820: 'PreAttribute' : '4' bytes padding added after data member 'NullTerminated'
c:\program files (x86)\microsoft visual studio 10.0\vc\include\codeanalysis\sourceannotations.h(122) : warning C4820: 'PostAttribute' : '4' bytes padding added after data member 'Access'
c:\program files (x86)\microsoft visual studio 10.0\vc\include\codeanalysis\sourceannotations.h(201) : warning C4820: 'PreRangeAttribute' : '4' bytes padding added after data member 'Deref'
c:\program files (x86)\microsoft visual studio 10.0\vc\include\codeanalysis\sourceannotations.h(213) : warning C4820: 'PostRangeAttribute' : '4' bytes padding added after data member 'Deref'
C:\Program Files (x86)\Microsoft Visual Studio 10.0\VC\INCLUDE\stdio.h(59) : warning C4820: '_iobuf' : '4' bytes padding added after data member '_cnt'
C:\Program Files (x86)\Microsoft Visual Studio 10.0\VC\INCLUDE\sys/stat.h(91) : warning C4820: '_stat32' : '2' bytes padding added after data member 'st_gid'
C:\Program Files (x86)\Microsoft Visual Studio 10.0\VC\INCLUDE\sys/stat.h(107) : warning C4820: 'stat' : '2' bytes padding added after data member 'st_gid'
C:\Program Files (x86)\Microsoft Visual Studio 10.0\VC\INCLUDE\sys/stat.h(123) : warning C4820: '_stat32i64' : '2' bytes padding added after data member 'st_gid'
C:\Program Files (x86)\Microsoft Visual Studio 10.0\VC\INCLUDE\sys/stat.h(124) : warning C4820: '_stat32i64' : '4' bytes padding added after data member 'st_rdev'
C:\Program Files (x86)\Microsoft Visual Studio 10.0\VC\INCLUDE\sys/stat.h(128) : warning C4820: '_stat32i64' : '4' bytes padding added after data member 'st_ctime'
C:\Program Files (x86)\Microsoft Visual Studio 10.0\VC\INCLUDE\sys/stat.h(137) : warning C4820: '_stat64i32' : '2' bytes padding added after data member 'st_gid'
C:\Program Files (x86)\Microsoft Visual Studio 10.0\VC\INCLUDE\sys/stat.h(151) : warning C4820: '_stat64' : '2' bytes padding added after data member 'st_gid'
C:\Program Files (x86)\Microsoft Visual Studio 10.0\VC\INCLUDE\sys/stat.h(152) : warning C4820: '_stat64' : '4' bytes padding added after data member 'st_rdev'
C:\Program Files (x86)\Microsoft Visual Studio 10.0\VC\INCLUDE\stdint.h(105) : warning C4668: '_INTPTR' is not defined as a preprocessor macro, replacing with '0' for '#if/#elif'
conftest.c(53) : fatal error C1083: Cannot open include file: 'sys/mman.h': No such file or directory
configure:13074: $? = 2
configure: failed program was:
| /* confdefs.h */
| #define PACKAGE_NAME "libffi"
| #define PACKAGE_TARNAME "libffi"
| #define PACKAGE_VERSION "3.0.13"
| #define PACKAGE_STRING "libffi 3.0.13"
| #define PACKAGE_BUGREPORT "http://github.com/atgreen/libffi/issues"
| #define PACKAGE_URL ""
| #define PACKAGE "libffi"
| #define VERSION "3.0.13"
| #define STDC_HEADERS 1
| #define HAVE_SYS_TYPES_H 1
| #define HAVE_SYS_STAT_H 1
| #define HAVE_STDLIB_H 1
| #define HAVE_STRING_H 1
| #define HAVE_MEMORY_H 1
| #define HAVE_STDINT_H 1
| #define LT_OBJDIR ".libs/"
| #define SIZEOF_SIZE_T 8
| /* end confdefs.h.  */
| #include <stdio.h>
| #ifdef HAVE_SYS_TYPES_H
| # include <sys/types.h>
| #endif
| #ifdef HAVE_SYS_STAT_H
| # include <sys/stat.h>
| #endif
| #ifdef STDC_HEADERS
| # include <stdlib.h>
| # include <stddef.h>
| #else
| # ifdef HAVE_STDLIB_H
| #  include <stdlib.h>
| # endif
| #endif
| #ifdef HAVE_STRING_H
| # if !defined STDC_HEADERS && defined HAVE_MEMORY_H
| #  include <memory.h>
| # endif
| # include <string.h>
| #endif
| #ifdef HAVE_STRINGS_H
| # include <strings.h>
| #endif
| #ifdef HAVE_INTTYPES_H
| # include <inttypes.h>
| #endif
| #ifdef HAVE_STDINT_H
| # include <stdint.h>
| #endif
| #ifdef HAVE_UNISTD_H
| # include <unistd.h>
| #endif
| #include <sys/mman.h>
configure:13074: result: no
configure:13074: checking sys/mman.h presence
configure:13074: cl -E  conftest.c
conftest.c
conftest.c(20) : fatal error C1083: Cannot open include file: 'sys/mman.h': No such file or directory
configure:13074: $? = 2
configure: failed program was:
| /* confdefs.h */
| #define PACKAGE_NAME "libffi"
| #define PACKAGE_TARNAME "libffi"
| #define PACKAGE_VERSION "3.0.13"
| #define PACKAGE_STRING "libffi 3.0.13"
| #define PACKAGE_BUGREPORT "http://github.com/atgreen/libffi/issues"
| #define PACKAGE_URL ""
| #define PACKAGE "libffi"
| #define VERSION "3.0.13"
| #define STDC_HEADERS 1
| #define HAVE_SYS_TYPES_H 1
| #define HAVE_SYS_STAT_H 1
| #define HAVE_STDLIB_H 1
| #define HAVE_STRING_H 1
| #define HAVE_MEMORY_H 1
| #define HAVE_STDINT_H 1
| #define LT_OBJDIR ".libs/"
| #define SIZEOF_SIZE_T 8
| /* end confdefs.h.  */
| #include <sys/mman.h>
configure:13074: result: no
configure:13074: checking for sys/mman.h
configure:13074: result: no
configure:13086: checking for mmap
configure:13086: cl -o conftest.exe -m64 -nologo  -warn all   conftest.c  >&5
cl.exe -D "WIN32" -nologo -Od -W3 -Feconftest.exe -nologo -Wall   conftest.c  -link -NOLOGO
conftest.c
c:\program files (x86)\microsoft visual studio 10.0\vc\include\codeanalysis\sourceannotations.h(91) : warning C4820: 'PreAttribute' : '4' bytes padding added after data member 'Access'
c:\program files (x86)\microsoft visual studio 10.0\vc\include\codeanalysis\sourceannotations.h(106) : warning C4820: 'PreAttribute' : '4' bytes padding added after data member 'NullTerminated'
c:\program files (x86)\microsoft visual studio 10.0\vc\include\codeanalysis\sourceannotations.h(122) : warning C4820: 'PostAttribute' : '4' bytes padding added after data member 'Access'
c:\program files (x86)\microsoft visual studio 10.0\vc\include\codeanalysis\sourceannotations.h(201) : warning C4820: 'PreRangeAttribute' : '4' bytes padding added after data member 'Deref'
c:\program files (x86)\microsoft visual studio 10.0\vc\include\codeanalysis\sourceannotations.h(213) : warning C4820: 'PostRangeAttribute' : '4' bytes padding added after data member 'Deref'
conftest.c(43) : warning C4255: 'mmap' : no function prototype given: converting '()' to '(void)'
conftest.c(52) : warning C4255: 'main' : no function prototype given: converting '()' to '(void)'
f:\gitroot\jna\native\libffi\conftest.c(56) : warning C4702: unreachable code
conftest.obj : error LNK2019: unresolved external symbol mmap referenced in function main
conftest.exe : fatal error LNK1120: 1 unresolved externals
configure:13086: $? = 2
configure: failed program was:
| /* confdefs.h */
| #define PACKAGE_NAME "libffi"
| #define PACKAGE_TARNAME "libffi"
| #define PACKAGE_VERSION "3.0.13"
| #define PACKAGE_STRING "libffi 3.0.13"
| #define PACKAGE_BUGREPORT "http://github.com/atgreen/libffi/issues"
| #define PACKAGE_URL ""
| #define PACKAGE "libffi"
| #define VERSION "3.0.13"
| #define STDC_HEADERS 1
| #define HAVE_SYS_TYPES_H 1
| #define HAVE_SYS_STAT_H 1
| #define HAVE_STDLIB_H 1
| #define HAVE_STRING_H 1
| #define HAVE_MEMORY_H 1
| #define HAVE_STDINT_H 1
| #define LT_OBJDIR ".libs/"
| #define SIZEOF_SIZE_T 8
| /* end confdefs.h.  */
| /* Define mmap to an innocuous variant, in case <limits.h> declares mmap.
|    For example, HP-UX 11i <limits.h> declares gettimeofday.  */
| #define mmap innocuous_mmap
| 
| /* System header to define __stub macros and hopefully few prototypes,
|     which can conflict with char mmap (); below.
|     Prefer <limits.h> to <assert.h> if __STDC__ is defined, since
|     <limits.h> exists even on freestanding compilers.  */
| 
| #ifdef __STDC__
| # include <limits.h>
| #else
| # include <assert.h>
| #endif
| 
| #undef mmap
| 
| /* Override any GCC internal prototype to avoid an error.
|    Use char because int might match the return type of a GCC
|    builtin and then its argument prototype would still apply.  */
| #ifdef __cplusplus
| extern "C"
| #endif
| char mmap ();
| /* The GNU C library defines this for functions which it implements
|     to always fail with ENOSYS.  Some functions are actually named
|     something starting with __ and the normal name is an alias.  */
| #if defined __stub_mmap || defined __stub___mmap
| choke me
| #endif
| 
| int
| main ()
| {
| return mmap ();
|   ;
|   return 0;
| }
configure:13086: result: no
configure:13096: checking for sys/mman.h
configure:13096: result: no
configure:13104: checking for mmap
configure:13104: result: no
configure:13715: checking for ANSI C header files
configure:13819: result: yes
configure:13829: checking for memcpy
configure:13829: cl -o conftest.exe -m64 -nologo  -warn all   conftest.c  >&5
cl.exe -D "WIN32" -nologo -Od -W3 -Feconftest.exe -nologo -Wall   conftest.c  -link -NOLOGO
conftest.c
c:\program files (x86)\microsoft visual studio 10.0\vc\include\codeanalysis\sourceannotations.h(91) : warning C4820: 'PreAttribute' : '4' bytes padding added after data member 'Access'
c:\program files (x86)\microsoft visual studio 10.0\vc\include\codeanalysis\sourceannotations.h(106) : warning C4820: 'PreAttribute' : '4' bytes padding added after data member 'NullTerminated'
c:\program files (x86)\microsoft visual studio 10.0\vc\include\codeanalysis\sourceannotations.h(122) : warning C4820: 'PostAttribute' : '4' bytes padding added after data member 'Access'
c:\program files (x86)\microsoft visual studio 10.0\vc\include\codeanalysis\sourceannotations.h(201) : warning C4820: 'PreRangeAttribute' : '4' bytes padding added after data member 'Deref'
c:\program files (x86)\microsoft visual studio 10.0\vc\include\codeanalysis\sourceannotations.h(213) : warning C4820: 'PostRangeAttribute' : '4' bytes padding added after data member 'Deref'
conftest.c(44) : warning C4255: 'memcpy' : no function prototype given: converting '()' to '(void)'
conftest.c(53) : warning C4255: 'main' : no function prototype given: converting '()' to '(void)'
f:\gitroot\jna\native\libffi\conftest.c(57) : warning C4702: unreachable code
configure:13829: $? = 0
configure:13829: result: yes
configure:13838: checking for size_t
configure:13838: cl -c -m64 -nologo  -warn all  conftest.c >&5
cl.exe -D "WIN32" -nologo -Od -W3 -c -nologo -Wall   conftest.c
conftest.c
c:\program files (x86)\microsoft visual studio 10.0\vc\include\codeanalysis\sourceannotations.h(91) : warning C4820: 'PreAttribute' : '4' bytes padding added after data member 'Access'
c:\program files (x86)\microsoft visual studio 10.0\vc\include\codeanalysis\sourceannotations.h(106) : warning C4820: 'PreAttribute' : '4' bytes padding added after data member 'NullTerminated'
c:\program files (x86)\microsoft visual studio 10.0\vc\include\codeanalysis\sourceannotations.h(122) : warning C4820: 'PostAttribute' : '4' bytes padding added after data member 'Access'
c:\program files (x86)\microsoft visual studio 10.0\vc\include\codeanalysis\sourceannotations.h(201) : warning C4820: 'PreRangeAttribute' : '4' bytes padding added after data member 'Deref'
c:\program files (x86)\microsoft visual studio 10.0\vc\include\codeanalysis\sourceannotations.h(213) : warning C4820: 'PostRangeAttribute' : '4' bytes padding added after data member 'Deref'
C:\Program Files (x86)\Microsoft Visual Studio 10.0\VC\INCLUDE\stdio.h(59) : warning C4820: '_iobuf' : '4' bytes padding added after data member '_cnt'
C:\Program Files (x86)\Microsoft Visual Studio 10.0\VC\INCLUDE\sys/stat.h(91) : warning C4820: '_stat32' : '2' bytes padding added after data member 'st_gid'
C:\Program Files (x86)\Microsoft Visual Studio 10.0\VC\INCLUDE\sys/stat.h(107) : warning C4820: 'stat' : '2' bytes padding added after data member 'st_gid'
C:\Program Files (x86)\Microsoft Visual Studio 10.0\VC\INCLUDE\sys/stat.h(123) : warning C4820: '_stat32i64' : '2' bytes padding added after data member 'st_gid'
C:\Program Files (x86)\Microsoft Visual Studio 10.0\VC\INCLUDE\sys/stat.h(124) : warning C4820: '_stat32i64' : '4' bytes padding added after data member 'st_rdev'
C:\Program Files (x86)\Microsoft Visual Studio 10.0\VC\INCLUDE\sys/stat.h(128) : warning C4820: '_stat32i64' : '4' bytes padding added after data member 'st_ctime'
C:\Program Files (x86)\Microsoft Visual Studio 10.0\VC\INCLUDE\sys/stat.h(137) : warning C4820: '_stat64i32' : '2' bytes padding added after data member 'st_gid'
C:\Program Files (x86)\Microsoft Visual Studio 10.0\VC\INCLUDE\sys/stat.h(151) : warning C4820: '_stat64' : '2' bytes padding added after data member 'st_gid'
C:\Program Files (x86)\Microsoft Visual Studio 10.0\VC\INCLUDE\sys/stat.h(152) : warning C4820: '_stat64' : '4' bytes padding added after data member 'st_rdev'
C:\Program Files (x86)\Microsoft Visual Studio 10.0\VC\INCLUDE\stdint.h(105) : warning C4668: '_INTPTR' is not defined as a preprocessor macro, replacing with '0' for '#if/#elif'
conftest.c(56) : warning C4255: 'main' : no function prototype given: converting '()' to '(void)'
conftest.c(58) : warning C4127: conditional expression is constant
configure:13838: $? = 0
configure:13838: cl -c -m64 -nologo  -warn all  conftest.c >&5
cl.exe -D "WIN32" -nologo -Od -W3 -c -nologo -Wall   conftest.c
conftest.c
c:\program files (x86)\microsoft visual studio 10.0\vc\include\codeanalysis\sourceannotations.h(91) : warning C4820: 'PreAttribute' : '4' bytes padding added after data member 'Access'
c:\program files (x86)\microsoft visual studio 10.0\vc\include\codeanalysis\sourceannotations.h(106) : warning C4820: 'PreAttribute' : '4' bytes padding added after data member 'NullTerminated'
c:\program files (x86)\microsoft visual studio 10.0\vc\include\codeanalysis\sourceannotations.h(122) : warning C4820: 'PostAttribute' : '4' bytes padding added after data member 'Access'
c:\program files (x86)\microsoft visual studio 10.0\vc\include\codeanalysis\sourceannotations.h(201) : warning C4820: 'PreRangeAttribute' : '4' bytes padding added after data member 'Deref'
c:\program files (x86)\microsoft visual studio 10.0\vc\include\codeanalysis\sourceannotations.h(213) : warning C4820: 'PostRangeAttribute' : '4' bytes padding added after data member 'Deref'
C:\Program Files (x86)\Microsoft Visual Studio 10.0\VC\INCLUDE\stdio.h(59) : warning C4820: '_iobuf' : '4' bytes padding added after data member '_cnt'
C:\Program Files (x86)\Microsoft Visual Studio 10.0\VC\INCLUDE\sys/stat.h(91) : warning C4820: '_stat32' : '2' bytes padding added after data member 'st_gid'
C:\Program Files (x86)\Microsoft Visual Studio 10.0\VC\INCLUDE\sys/stat.h(107) : warning C4820: 'stat' : '2' bytes padding added after data member 'st_gid'
C:\Program Files (x86)\Microsoft Visual Studio 10.0\VC\INCLUDE\sys/stat.h(123) : warning C4820: '_stat32i64' : '2' bytes padding added after data member 'st_gid'
C:\Program Files (x86)\Microsoft Visual Studio 10.0\VC\INCLUDE\sys/stat.h(124) : warning C4820: '_stat32i64' : '4' bytes padding added after data member 'st_rdev'
C:\Program Files (x86)\Microsoft Visual Studio 10.0\VC\INCLUDE\sys/stat.h(128) : warning C4820: '_stat32i64' : '4' bytes padding added after data member 'st_ctime'
C:\Program Files (x86)\Microsoft Visual Studio 10.0\VC\INCLUDE\sys/stat.h(137) : warning C4820: '_stat64i32' : '2' bytes padding added after data member 'st_gid'
C:\Program Files (x86)\Microsoft Visual Studio 10.0\VC\INCLUDE\sys/stat.h(151) : warning C4820: '_stat64' : '2' bytes padding added after data member 'st_gid'
C:\Program Files (x86)\Microsoft Visual Studio 10.0\VC\INCLUDE\sys/stat.h(152) : warning C4820: '_stat64' : '4' bytes padding added after data member 'st_rdev'
C:\Program Files (x86)\Microsoft Visual Studio 10.0\VC\INCLUDE\stdint.h(105) : warning C4668: '_INTPTR' is not defined as a preprocessor macro, replacing with '0' for '#if/#elif'
conftest.c(56) : warning C4255: 'main' : no function prototype given: converting '()' to '(void)'
conftest.c(58) : error C2059: syntax error : ')'
configure:13838: $? = 2
configure: failed program was:
| /* confdefs.h */
| #define PACKAGE_NAME "libffi"
| #define PACKAGE_TARNAME "libffi"
| #define PACKAGE_VERSION "3.0.13"
| #define PACKAGE_STRING "libffi 3.0.13"
| #define PACKAGE_BUGREPORT "http://github.com/atgreen/libffi/issues"
| #define PACKAGE_URL ""
| #define PACKAGE "libffi"
| #define VERSION "3.0.13"
| #define STDC_HEADERS 1
| #define HAVE_SYS_TYPES_H 1
| #define HAVE_SYS_STAT_H 1
| #define HAVE_STDLIB_H 1
| #define HAVE_STRING_H 1
| #define HAVE_MEMORY_H 1
| #define HAVE_STDINT_H 1
| #define LT_OBJDIR ".libs/"
| #define SIZEOF_SIZE_T 8
| #define STDC_HEADERS 1
| #define HAVE_MEMCPY 1
| /* end confdefs.h.  */
| #include <stdio.h>
| #ifdef HAVE_SYS_TYPES_H
| # include <sys/types.h>
| #endif
| #ifdef HAVE_SYS_STAT_H
| # include <sys/stat.h>
| #endif
| #ifdef STDC_HEADERS
| # include <stdlib.h>
| # include <stddef.h>
| #else
| # ifdef HAVE_STDLIB_H
| #  include <stdlib.h>
| # endif
| #endif
| #ifdef HAVE_STRING_H
| # if !defined STDC_HEADERS && defined HAVE_MEMORY_H
| #  include <memory.h>
| # endif
| # include <string.h>
| #endif
| #ifdef HAVE_STRINGS_H
| # include <strings.h>
| #endif
| #ifdef HAVE_INTTYPES_H
| # include <inttypes.h>
| #endif
| #ifdef HAVE_STDINT_H
| # include <stdint.h>
| #endif
| #ifdef HAVE_UNISTD_H
| # include <unistd.h>
| #endif
| int
| main ()
| {
| if (sizeof ((size_t)))
| 	    return 0;
|   ;
|   return 0;
| }
configure:13838: result: yes
configure:13851: checking for working alloca.h
configure:13868: cl -o conftest.exe -m64 -nologo  -warn all   conftest.c  >&5
cl.exe -D "WIN32" -nologo -Od -W3 -Feconftest.exe -nologo -Wall   conftest.c  -link -NOLOGO
conftest.c
conftest.c(22) : fatal error C1083: Cannot open include file: 'alloca.h': No such file or directory
configure:13868: $? = 2
configure: failed program was:
| /* confdefs.h */
| #define PACKAGE_NAME "libffi"
| #define PACKAGE_TARNAME "libffi"
| #define PACKAGE_VERSION "3.0.13"
| #define PACKAGE_STRING "libffi 3.0.13"
| #define PACKAGE_BUGREPORT "http://github.com/atgreen/libffi/issues"
| #define PACKAGE_URL ""
| #define PACKAGE "libffi"
| #define VERSION "3.0.13"
| #define STDC_HEADERS 1
| #define HAVE_SYS_TYPES_H 1
| #define HAVE_SYS_STAT_H 1
| #define HAVE_STDLIB_H 1
| #define HAVE_STRING_H 1
| #define HAVE_MEMORY_H 1
| #define HAVE_STDINT_H 1
| #define LT_OBJDIR ".libs/"
| #define SIZEOF_SIZE_T 8
| #define STDC_HEADERS 1
| #define HAVE_MEMCPY 1
| /* end confdefs.h.  */
| #include <alloca.h>
| int
| main ()
| {
| char *p = (char *) alloca (2 * sizeof (int));
| 			  if (p) return 0;
|   ;
|   return 0;
| }
configure:13876: result: no
configure:13884: checking for alloca
configure:13921: cl -o conftest.exe -m64 -nologo  -warn all   conftest.c  >&5
cl.exe -D "WIN32" -nologo -Od -W3 -Feconftest.exe -nologo -Wall   conftest.c  -link -NOLOGO
conftest.c
c:\program files (x86)\microsoft visual studio 10.0\vc\include\codeanalysis\sourceannotations.h(91) : warning C4820: 'PreAttribute' : '4' bytes padding added after data member 'Access'
c:\program files (x86)\microsoft visual studio 10.0\vc\include\codeanalysis\sourceannotations.h(106) : warning C4820: 'PreAttribute' : '4' bytes padding added after data member 'NullTerminated'
c:\program files (x86)\microsoft visual studio 10.0\vc\include\codeanalysis\sourceannotations.h(122) : warning C4820: 'PostAttribute' : '4' bytes padding added after data member 'Access'
c:\program files (x86)\microsoft visual studio 10.0\vc\include\codeanalysis\sourceannotations.h(201) : warning C4820: 'PreRangeAttribute' : '4' bytes padding added after data member 'Deref'
c:\program files (x86)\microsoft visual studio 10.0\vc\include\codeanalysis\sourceannotations.h(213) : warning C4820: 'PostRangeAttribute' : '4' bytes padding added after data member 'Deref'
C:\Program Files (x86)\Microsoft Visual Studio 10.0\VC\INCLUDE\malloc.h(62) : warning C4820: '_heapinfo' : '4' bytes padding added after data member '_useflag'
conftest.c(44) : warning C4255: 'main' : no function prototype given: converting '()' to '(void)'
configure:13921: $? = 0
configure:13929: result: yes
configure:14043: checking size of double
configure:14048: cl -o conftest.exe -m64 -nologo  -warn all   conftest.c  >&5
cl.exe -D "WIN32" -nologo -Od -W3 -Feconftest.exe -nologo -Wall   conftest.c  -link -NOLOGO
conftest.c
c:\program files (x86)\microsoft visual studio 10.0\vc\include\codeanalysis\sourceannotations.h(91) : warning C4820: 'PreAttribute' : '4' bytes padding added after data member 'Access'
c:\program files (x86)\microsoft visual studio 10.0\vc\include\codeanalysis\sourceannotations.h(106) : warning C4820: 'PreAttribute' : '4' bytes padding added after data member 'NullTerminated'
c:\program files (x86)\microsoft visual studio 10.0\vc\include\codeanalysis\sourceannotations.h(122) : warning C4820: 'PostAttribute' : '4' bytes padding added after data member 'Access'
c:\program files (x86)\microsoft visual studio 10.0\vc\include\codeanalysis\sourceannotations.h(201) : warning C4820: 'PreRangeAttribute' : '4' bytes padding added after data member 'Deref'
c:\program files (x86)\microsoft visual studio 10.0\vc\include\codeanalysis\sourceannotations.h(213) : warning C4820: 'PostRangeAttribute' : '4' bytes padding added after data member 'Deref'
C:\Program Files (x86)\Microsoft Visual Studio 10.0\VC\INCLUDE\stdio.h(59) : warning C4820: '_iobuf' : '4' bytes padding added after data member '_cnt'
C:\Program Files (x86)\Microsoft Visual Studio 10.0\VC\INCLUDE\sys/stat.h(91) : warning C4820: '_stat32' : '2' bytes padding added after data member 'st_gid'
C:\Program Files (x86)\Microsoft Visual Studio 10.0\VC\INCLUDE\sys/stat.h(107) : warning C4820: 'stat' : '2' bytes padding added after data member 'st_gid'
C:\Program Files (x86)\Microsoft Visual Studio 10.0\VC\INCLUDE\sys/stat.h(123) : warning C4820: '_stat32i64' : '2' bytes padding added after data member 'st_gid'
C:\Program Files (x86)\Microsoft Visual Studio 10.0\VC\INCLUDE\sys/stat.h(124) : warning C4820: '_stat32i64' : '4' bytes padding added after data member 'st_rdev'
C:\Program Files (x86)\Microsoft Visual Studio 10.0\VC\INCLUDE\sys/stat.h(128) : warning C4820: '_stat32i64' : '4' bytes padding added after data member 'st_ctime'
C:\Program Files (x86)\Microsoft Visual Studio 10.0\VC\INCLUDE\sys/stat.h(137) : warning C4820: '_stat64i32' : '2' bytes padding added after data member 'st_gid'
C:\Program Files (x86)\Microsoft Visual Studio 10.0\VC\INCLUDE\sys/stat.h(151) : warning C4820: '_stat64' : '2' bytes padding added after data member 'st_gid'
C:\Program Files (x86)\Microsoft Visual Studio 10.0\VC\INCLUDE\sys/stat.h(152) : warning C4820: '_stat64' : '4' bytes padding added after data member 'st_rdev'
C:\Program Files (x86)\Microsoft Visual Studio 10.0\VC\INCLUDE\stdint.h(105) : warning C4668: '_INTPTR' is not defined as a preprocessor macro, replacing with '0' for '#if/#elif'
conftest.c(56) : warning C4255: 'longval' : no function prototype given: converting '()' to '(void)'
conftest.c(57) : warning C4255: 'ulongval' : no function prototype given: converting '()' to '(void)'
conftest.c(61) : warning C4255: 'main' : no function prototype given: converting '()' to '(void)'
conftest.c(64) : warning C4996: 'fopen': This function or variable may be unsafe. Consider using fopen_s instead. To disable deprecation, use _CRT_SECURE_NO_WARNINGS. See online help for details.
        C:\Program Files (x86)\Microsoft Visual Studio 10.0\VC\INCLUDE\stdio.h(234) : see declaration of 'fopen'
conftest.c(67) : warning C4127: conditional expression is constant
f:\gitroot\jna\native\libffi\conftest.c(86) : warning C4702: unreachable code
configure:14048: $? = 0
configure:14048: ./conftest.exe
configure:14048: $? = 0
configure:14062: result: 8
configure:14076: checking size of long double
configure:14081: cl -o conftest.exe -m64 -nologo  -warn all   conftest.c  >&5
cl.exe -D "WIN32" -nologo -Od -W3 -Feconftest.exe -nologo -Wall   conftest.c  -link -NOLOGO
conftest.c
c:\program files (x86)\microsoft visual studio 10.0\vc\include\codeanalysis\sourceannotations.h(91) : warning C4820: 'PreAttribute' : '4' bytes padding added after data member 'Access'
c:\program files (x86)\microsoft visual studio 10.0\vc\include\codeanalysis\sourceannotations.h(106) : warning C4820: 'PreAttribute' : '4' bytes padding added after data member 'NullTerminated'
c:\program files (x86)\microsoft visual studio 10.0\vc\include\codeanalysis\sourceannotations.h(122) : warning C4820: 'PostAttribute' : '4' bytes padding added after data member 'Access'
c:\program files (x86)\microsoft visual studio 10.0\vc\include\codeanalysis\sourceannotations.h(201) : warning C4820: 'PreRangeAttribute' : '4' bytes padding added after data member 'Deref'
c:\program files (x86)\microsoft visual studio 10.0\vc\include\codeanalysis\sourceannotations.h(213) : warning C4820: 'PostRangeAttribute' : '4' bytes padding added after data member 'Deref'
C:\Program Files (x86)\Microsoft Visual Studio 10.0\VC\INCLUDE\stdio.h(59) : warning C4820: '_iobuf' : '4' bytes padding added after data member '_cnt'
C:\Program Files (x86)\Microsoft Visual Studio 10.0\VC\INCLUDE\sys/stat.h(91) : warning C4820: '_stat32' : '2' bytes padding added after data member 'st_gid'
C:\Program Files (x86)\Microsoft Visual Studio 10.0\VC\INCLUDE\sys/stat.h(107) : warning C4820: 'stat' : '2' bytes padding added after data member 'st_gid'
C:\Program Files (x86)\Microsoft Visual Studio 10.0\VC\INCLUDE\sys/stat.h(123) : warning C4820: '_stat32i64' : '2' bytes padding added after data member 'st_gid'
C:\Program Files (x86)\Microsoft Visual Studio 10.0\VC\INCLUDE\sys/stat.h(124) : warning C4820: '_stat32i64' : '4' bytes padding added after data member 'st_rdev'
C:\Program Files (x86)\Microsoft Visual Studio 10.0\VC\INCLUDE\sys/stat.h(128) : warning C4820: '_stat32i64' : '4' bytes padding added after data member 'st_ctime'
C:\Program Files (x86)\Microsoft Visual Studio 10.0\VC\INCLUDE\sys/stat.h(137) : warning C4820: '_stat64i32' : '2' bytes padding added after data member 'st_gid'
C:\Program Files (x86)\Microsoft Visual Studio 10.0\VC\INCLUDE\sys/stat.h(151) : warning C4820: '_stat64' : '2' bytes padding added after data member 'st_gid'
C:\Program Files (x86)\Microsoft Visual Studio 10.0\VC\INCLUDE\sys/stat.h(152) : warning C4820: '_stat64' : '4' bytes padding added after data member 'st_rdev'
C:\Program Files (x86)\Microsoft Visual Studio 10.0\VC\INCLUDE\stdint.h(105) : warning C4668: '_INTPTR' is not defined as a preprocessor macro, replacing with '0' for '#if/#elif'
conftest.c(57) : warning C4255: 'longval' : no function prototype given: converting '()' to '(void)'
conftest.c(58) : warning C4255: 'ulongval' : no function prototype given: converting '()' to '(void)'
conftest.c(62) : warning C4255: 'main' : no function prototype given: converting '()' to '(void)'
conftest.c(65) : warning C4996: 'fopen': This function or variable may be unsafe. Consider using fopen_s instead. To disable deprecation, use _CRT_SECURE_NO_WARNINGS. See online help for details.
        C:\Program Files (x86)\Microsoft Visual Studio 10.0\VC\INCLUDE\stdio.h(234) : see declaration of 'fopen'
conftest.c(68) : warning C4127: conditional expression is constant
f:\gitroot\jna\native\libffi\conftest.c(87) : warning C4702: unreachable code
configure:14081: $? = 0
configure:14081: ./conftest.exe
configure:14081: $? = 0
configure:14095: result: 8
configure:14120: checking whether byte ordering is bigendian
configure:14135: cl -c -m64 -nologo  -warn all  conftest.c >&5
cl.exe -D "WIN32" -nologo -Od -W3 -c -nologo -Wall   conftest.c
conftest.c
conftest.c(26) : error C2061: syntax error : identifier 'a'
conftest.c(26) : error C2059: syntax error : ';'
conftest.c(26) : error C2061: syntax error : identifier 'capable'
conftest.c(26) : error C2059: syntax error : ';'
conftest.c(28) : warning C4431: missing type specifier - int assumed. Note: C no longer supports default-int
conftest.c(28) : error C2054: expected '(' to follow 'compiler'
conftest.c(28) : error C2085: 'dummy' : not in formal parameter list
conftest.c(30) : fatal error C1004: unexpected end-of-file found
configure:14135: $? = 2
configure: failed program was:
| /* confdefs.h */
| #define PACKAGE_NAME "libffi"
| #define PACKAGE_TARNAME "libffi"
| #define PACKAGE_VERSION "3.0.13"
| #define PACKAGE_STRING "libffi 3.0.13"
| #define PACKAGE_BUGREPORT "http://github.com/atgreen/libffi/issues"
| #define PACKAGE_URL ""
| #define PACKAGE "libffi"
| #define VERSION "3.0.13"
| #define STDC_HEADERS 1
| #define HAVE_SYS_TYPES_H 1
| #define HAVE_SYS_STAT_H 1
| #define HAVE_STDLIB_H 1
| #define HAVE_STRING_H 1
| #define HAVE_MEMORY_H 1
| #define HAVE_STDINT_H 1
| #define LT_OBJDIR ".libs/"
| #define SIZEOF_SIZE_T 8
| #define STDC_HEADERS 1
| #define HAVE_MEMCPY 1
| #define HAVE_ALLOCA 1
| #define SIZEOF_DOUBLE 8
| #define SIZEOF_LONG_DOUBLE 8
| /* end confdefs.h.  */
| #ifndef __APPLE_CC__
| 	       not a universal capable compiler
| 	     #endif
| 	     typedef int dummy;
| 
configure:14180: cl -c -m64 -nologo  -warn all  conftest.c >&5
cl.exe -D "WIN32" -nologo -Od -W3 -c -nologo -Wall   conftest.c
conftest.c
conftest.c(26) : fatal error C1083: Cannot open include file: 'sys/param.h': No such file or directory
configure:14180: $? = 2
configure: failed program was:
| /* confdefs.h */
| #define PACKAGE_NAME "libffi"
| #define PACKAGE_TARNAME "libffi"
| #define PACKAGE_VERSION "3.0.13"
| #define PACKAGE_STRING "libffi 3.0.13"
| #define PACKAGE_BUGREPORT "http://github.com/atgreen/libffi/issues"
| #define PACKAGE_URL ""
| #define PACKAGE "libffi"
| #define VERSION "3.0.13"
| #define STDC_HEADERS 1
| #define HAVE_SYS_TYPES_H 1
| #define HAVE_SYS_STAT_H 1
| #define HAVE_STDLIB_H 1
| #define HAVE_STRING_H 1
| #define HAVE_MEMORY_H 1
| #define HAVE_STDINT_H 1
| #define LT_OBJDIR ".libs/"
| #define SIZEOF_SIZE_T 8
| #define STDC_HEADERS 1
| #define HAVE_MEMCPY 1
| #define HAVE_ALLOCA 1
| #define SIZEOF_DOUBLE 8
| #define SIZEOF_LONG_DOUBLE 8
| /* end confdefs.h.  */
| #include <sys/types.h>
| 	     #include <sys/param.h>
| 
| int
| main ()
| {
| #if ! (defined BYTE_ORDER && defined BIG_ENDIAN 		     && defined LITTLE_ENDIAN && BYTE_ORDER && BIG_ENDIAN 		     && LITTLE_ENDIAN)
| 	      bogus endian macros
| 	     #endif
| 
|   ;
|   return 0;
| }
configure:14224: cl -c -m64 -nologo  -warn all  conftest.c >&5
cl.exe -D "WIN32" -nologo -Od -W3 -c -nologo -Wall   conftest.c
conftest.c
c:\program files (x86)\microsoft visual studio 10.0\vc\include\codeanalysis\sourceannotations.h(91) : warning C4820: 'PreAttribute' : '4' bytes padding added after data member 'Access'
c:\program files (x86)\microsoft visual studio 10.0\vc\include\codeanalysis\sourceannotations.h(106) : warning C4820: 'PreAttribute' : '4' bytes padding added after data member 'NullTerminated'
c:\program files (x86)\microsoft visual studio 10.0\vc\include\codeanalysis\sourceannotations.h(122) : warning C4820: 'PostAttribute' : '4' bytes padding added after data member 'Access'
c:\program files (x86)\microsoft visual studio 10.0\vc\include\codeanalysis\sourceannotations.h(201) : warning C4820: 'PreRangeAttribute' : '4' bytes padding added after data member 'Deref'
c:\program files (x86)\microsoft visual studio 10.0\vc\include\codeanalysis\sourceannotations.h(213) : warning C4820: 'PostRangeAttribute' : '4' bytes padding added after data member 'Deref'
conftest.c(28) : warning C4255: 'main' : no function prototype given: converting '()' to '(void)'
conftest.c(31) : error C2065: 'bogus' : undeclared identifier
conftest.c(31) : error C2146: syntax error : missing ';' before identifier 'endian'
conftest.c(31) : warning C4555: expression has no effect; expected expression with side-effect
conftest.c(31) : error C2065: 'endian' : undeclared identifier
conftest.c(31) : error C2146: syntax error : missing ';' before identifier 'macros'
conftest.c(31) : warning C4555: expression has no effect; expected expression with side-effect
conftest.c(34) : error C2065: 'macros' : undeclared identifier
conftest.c(34) : warning C4555: expression has no effect; expected expression with side-effect
configure:14224: $? = 2
configure: failed program was:
| /* confdefs.h */
| #define PACKAGE_NAME "libffi"
| #define PACKAGE_TARNAME "libffi"
| #define PACKAGE_VERSION "3.0.13"
| #define PACKAGE_STRING "libffi 3.0.13"
| #define PACKAGE_BUGREPORT "http://github.com/atgreen/libffi/issues"
| #define PACKAGE_URL ""
| #define PACKAGE "libffi"
| #define VERSION "3.0.13"
| #define STDC_HEADERS 1
| #define HAVE_SYS_TYPES_H 1
| #define HAVE_SYS_STAT_H 1
| #define HAVE_STDLIB_H 1
| #define HAVE_STRING_H 1
| #define HAVE_MEMORY_H 1
| #define HAVE_STDINT_H 1
| #define LT_OBJDIR ".libs/"
| #define SIZEOF_SIZE_T 8
| #define STDC_HEADERS 1
| #define HAVE_MEMCPY 1
| #define HAVE_ALLOCA 1
| #define SIZEOF_DOUBLE 8
| #define SIZEOF_LONG_DOUBLE 8
| /* end confdefs.h.  */
| #include <limits.h>
| 
| int
| main ()
| {
| #if ! (defined _LITTLE_ENDIAN || defined _BIG_ENDIAN)
| 	      bogus endian macros
| 	     #endif
| 
|   ;
|   return 0;
| }
configure:14315: cl -o conftest.exe -m64 -nologo  -warn all   conftest.c  >&5
cl.exe -D "WIN32" -nologo -Od -W3 -Feconftest.exe -nologo -Wall   conftest.c  -link -NOLOGO
conftest.c
c:\program files (x86)\microsoft visual studio 10.0\vc\include\codeanalysis\sourceannotations.h(91) : warning C4820: 'PreAttribute' : '4' bytes padding added after data member 'Access'
c:\program files (x86)\microsoft visual studio 10.0\vc\include\codeanalysis\sourceannotations.h(106) : warning C4820: 'PreAttribute' : '4' bytes padding added after data member 'NullTerminated'
c:\program files (x86)\microsoft visual studio 10.0\vc\include\codeanalysis\sourceannotations.h(122) : warning C4820: 'PostAttribute' : '4' bytes padding added after data member 'Access'
c:\program files (x86)\microsoft visual studio 10.0\vc\include\codeanalysis\sourceannotations.h(201) : warning C4820: 'PreRangeAttribute' : '4' bytes padding added after data member 'Deref'
c:\program files (x86)\microsoft visual studio 10.0\vc\include\codeanalysis\sourceannotations.h(213) : warning C4820: 'PostRangeAttribute' : '4' bytes padding added after data member 'Deref'
C:\Program Files (x86)\Microsoft Visual Studio 10.0\VC\INCLUDE\stdio.h(59) : warning C4820: '_iobuf' : '4' bytes padding added after data member '_cnt'
C:\Program Files (x86)\Microsoft Visual Studio 10.0\VC\INCLUDE\sys/stat.h(91) : warning C4820: '_stat32' : '2' bytes padding added after data member 'st_gid'
C:\Program Files (x86)\Microsoft Visual Studio 10.0\VC\INCLUDE\sys/stat.h(107) : warning C4820: 'stat' : '2' bytes padding added after data member 'st_gid'
C:\Program Files (x86)\Microsoft Visual Studio 10.0\VC\INCLUDE\sys/stat.h(123) : warning C4820: '_stat32i64' : '2' bytes padding added after data member 'st_gid'
C:\Program Files (x86)\Microsoft Visual Studio 10.0\VC\INCLUDE\sys/stat.h(124) : warning C4820: '_stat32i64' : '4' bytes padding added after data member 'st_rdev'
C:\Program Files (x86)\Microsoft Visual Studio 10.0\VC\INCLUDE\sys/stat.h(128) : warning C4820: '_stat32i64' : '4' bytes padding added after data member 'st_ctime'
C:\Program Files (x86)\Microsoft Visual Studio 10.0\VC\INCLUDE\sys/stat.h(137) : warning C4820: '_stat64i32' : '2' bytes padding added after data member 'st_gid'
C:\Program Files (x86)\Microsoft Visual Studio 10.0\VC\INCLUDE\sys/stat.h(151) : warning C4820: '_stat64' : '2' bytes padding added after data member 'st_gid'
C:\Program Files (x86)\Microsoft Visual Studio 10.0\VC\INCLUDE\sys/stat.h(152) : warning C4820: '_stat64' : '4' bytes padding added after data member 'st_rdev'
C:\Program Files (x86)\Microsoft Visual Studio 10.0\VC\INCLUDE\stdint.h(105) : warning C4668: '_INTPTR' is not defined as a preprocessor macro, replacing with '0' for '#if/#elif'
conftest.c(59) : warning C4255: 'main' : no function prototype given: converting '()' to '(void)'
f:\gitroot\jna\native\libffi\conftest.c(72) : warning C4702: unreachable code
configure:14315: $? = 0
configure:14315: ./conftest.exe
configure:14315: $? = 0
configure:14326: result: no
configure:14345: checking assembler .cfi pseudo-op support
configure:14363: cl -c -m64 -nologo  -warn all  conftest.c >&5
cl.exe -D "WIN32" -nologo -Od -W3 -c -nologo -Wall   conftest.c
conftest.c
conftest.c(25) : warning C4255: 'asm' : no function prototype given: converting '()' to '(void)'
conftest.c(25) : error C2143: syntax error : missing ')' before 'string'
conftest.c(25) : error C2143: syntax error : missing '{' before 'string'
conftest.c(25) : error C2059: syntax error : '<Unknown>'
conftest.c(25) : error C2059: syntax error : ')'
conftest.c(27) : warning C4255: 'main' : no function prototype given: converting '()' to '(void)'
configure:14363: $? = 2
configure: failed program was:
| /* confdefs.h */
| #define PACKAGE_NAME "libffi"
| #define PACKAGE_TARNAME "libffi"
| #define PACKAGE_VERSION "3.0.13"
| #define PACKAGE_STRING "libffi 3.0.13"
| #define PACKAGE_BUGREPORT "http://github.com/atgreen/libffi/issues"
| #define PACKAGE_URL ""
| #define PACKAGE "libffi"
| #define VERSION "3.0.13"
| #define STDC_HEADERS 1
| #define HAVE_SYS_TYPES_H 1
| #define HAVE_SYS_STAT_H 1
| #define HAVE_STDLIB_H 1
| #define HAVE_STRING_H 1
| #define HAVE_MEMORY_H 1
| #define HAVE_STDINT_H 1
| #define LT_OBJDIR ".libs/"
| #define SIZEOF_SIZE_T 8
| #define STDC_HEADERS 1
| #define HAVE_MEMCPY 1
| #define HAVE_ALLOCA 1
| #define SIZEOF_DOUBLE 8
| #define SIZEOF_LONG_DOUBLE 8
| /* end confdefs.h.  */
| asm (".cfi_startproc\n\t.cfi_endproc");
| int
| main ()
| {
| 
|   ;
|   return 0;
| }
configure:14371: result: no
configure:14561: checking for _ prefix in compiled symbols
configure:14571: cl -c -m64 -nologo  -warn all  conftest.c >&5
cl.exe -D "WIN32" -nologo -Od -W3 -c -nologo -Wall   conftest.c
conftest.c
conftest.c(1) : warning C4255: 'nm_test_func' : no function prototype given: converting '()' to '(void)'
conftest.c(2) : warning C4255: 'main' : no function prototype given: converting '()' to '(void)'
conftest.c(2) : warning C4550: expression evaluates to a function which is missing an argument list
configure:14574: $? = 0
configure:14578: dumpbin -symbols conftest.obj \| gawk '     {last_section=section; section=$ 3};     /^COFF SYMBOL TABLE/{for(i in hide) delete hide[i]};     /Section length .*#relocs.*(pick any)/{hide[last_section]=1};     $ 0!~/External *\|/{next};     / 0+ UNDEF /{next}; / UNDEF \([^|]\)*()/{next};     {if(hide[section]) next};     {f=0}; $ 0~/\(\).*\|/{f=1}; {printf f ? T  : D };     {split($ 0, a, /\||\r/); split(a[2], s)};     s[1]~/^[@?]/{print s[1], s[1]; next};     s[1]~prfx {split(s[1],t,@); print t[1], substr(t[1],length(prfx))}     ' prfx=^ | sed '/ __gnu_lto/d' \> conftest.nm
configure:14581: $? = 0
configure:14603: result: no
configure:15111: creating ./config.status

## ---------------------- ##
## Running config.status. ##
## ---------------------- ##

This file was extended by libffi config.status 3.0.13, which was
generated by GNU Autoconf 2.68.  Invocation command line was

  CONFIG_FILES    = 
  CONFIG_HEADERS  = 
  CONFIG_LINKS    = 
  CONFIG_COMMANDS = 
  $ ./config.status 

on black-pc

config.status:1229: creating include/Makefile
config.status:1229: creating include/ffi.h
config.status:1229: creating Makefile
config.status:1229: creating testsuite/Makefile
config.status:1229: creating man/Makefile
config.status:1229: creating libffi.pc
config.status:1229: creating fficonfig.h
config.status:1470: linking src/x86/ffitarget.h to include/ffitarget.h
config.status:1489: executing buildir commands
config.status:1502: skipping top_srcdir/Makefile - not created
config.status:1489: executing depfiles commands
config.status:1489: executing libtool commands
config.status:1489: executing include commands
config.status:1489: executing src commands

## ---------------- ##
## Cache variables. ##
## ---------------- ##

ac_cv_build=i686-pc-mingw32
ac_cv_c_bigendian=no
ac_cv_c_compiler_gnu=no
ac_cv_cflags_warn_all='-warn all'
ac_cv_env_CCASFLAGS_set=
ac_cv_env_CCASFLAGS_value=
ac_cv_env_CCAS_set=
ac_cv_env_CCAS_value=
ac_cv_env_CPPFLAGS_set=
ac_cv_env_CPPFLAGS_value=
ac_cv_env_CPP_set=
ac_cv_env_CPP_value=
ac_cv_env_build_alias_set=
ac_cv_env_build_alias_value=
ac_cv_env_host_alias_set=set
ac_cv_env_host_alias_value=x86_64-w64-mingw32
ac_cv_env_target_alias_set=
ac_cv_env_target_alias_value=
ac_cv_exeext=.exe
ac_cv_func_alloca_works=yes
ac_cv_func_memcpy=yes
ac_cv_func_mmap=no
ac_cv_func_mmap_anon=no
ac_cv_func_mmap_dev_zero=no
ac_cv_func_mmap_file=no
ac_cv_header_dlfcn_h=no
ac_cv_header_inttypes_h=no
ac_cv_header_memory_h=yes
ac_cv_header_stdc=yes
ac_cv_header_stdint_h=yes
ac_cv_header_stdlib_h=yes
ac_cv_header_string_h=yes
ac_cv_header_strings_h=no
ac_cv_header_sys_mman_h=no
ac_cv_header_sys_stat_h=yes
ac_cv_header_sys_types_h=yes
ac_cv_header_unistd_h=no
ac_cv_host=x86_64-w64-mingw32
ac_cv_objext=obj
ac_cv_path_EGREP='/bin/grep -E'
ac_cv_path_FGREP='/bin/grep -F'
ac_cv_path_GREP=/bin/grep
ac_cv_path_SED=/bin/sed
ac_cv_path_ax_enable_builddir_sed=sed
ac_cv_path_install='/bin/install -c'
ac_cv_path_mkdir=/bin/mkdir
ac_cv_prog_AWK=gawk
ac_cv_prog_CC=cl
ac_cv_prog_CPP='cl -E'
ac_cv_prog_STRIP=strip
ac_cv_prog_ac_ct_AR=ar
ac_cv_prog_ac_ct_DLLTOOL=dlltool
ac_cv_prog_ac_ct_DUMPBIN=dumpbin
ac_cv_prog_ac_ct_MANIFEST_TOOL=mt
ac_cv_prog_ac_ct_OBJDUMP=objdump
ac_cv_prog_ac_ct_RANLIB=ranlib
ac_cv_prog_ac_ct_STRIP=strip
ac_cv_prog_cc_c89=
ac_cv_prog_cc_cl_c_o=yes
ac_cv_prog_cc_g=yes
ac_cv_prog_make_make_set=yes
ac_cv_sizeof_double=8
ac_cv_sizeof_long_double=8
ac_cv_sizeof_size_t=8
ac_cv_target=x86_64-w64-mingw32
ac_cv_type_size_t=yes
ac_cv_working_alloca_h=no
am_cv_CCAS_dependencies_compiler_type=none
am_cv_CC_dependencies_compiler_type=none
ax_cv_c_compiler_vendor=microsoft
gcc_cv_as_cfi_pseudo_op=no
lt_cv_ar_at_file=@
lt_cv_deplibs_check_method='file_magic file format (pei*-i386(.*architecture: i386)?|pe-arm-wince|pe-x86-64)'
lt_cv_file_magic_cmd='$OBJDUMP -f'
lt_cv_file_magic_test_file=
lt_cv_ld_reload_flag=-r
lt_cv_nm_interface='MS dumpbin'
lt_cv_objdir=.libs
lt_cv_path_LD=link.exe
lt_cv_path_NM=no
lt_cv_path_mainfest_tool=yes
lt_cv_prog_compiler_c_o=yes
lt_cv_prog_compiler_pic='-DDLL_EXPORT -DPIC'
lt_cv_prog_compiler_pic_works=yes
lt_cv_prog_compiler_static_works=yes
lt_cv_prog_gnu_ld=no
lt_cv_sharedlib_from_linklib_cmd=func_cygming_dll_for_implib
lt_cv_sys_global_symbol_pipe='gawk '\''     {last_section=section; section=$ 3};     /^COFF SYMBOL TABLE/{for(i in hide) delete hide[i]};     /Section length .*#relocs.*(pick any)/{hide[last_section]=1};     $ 0!~/External *\|/{next};     / 0+ UNDEF /{next}; / UNDEF \([^|]\)*()/{next};     {if(hide[section]) next};     {f=0}; $ 0~/\(\).*\|/{f=1}; {printf f ? "T " : "D "};     {split($ 0, a, /\||\r/); split(a[2], s)};     s[1]~/^[@?]/{print s[1], s[1]; next};     s[1]~prfx {split(s[1],t,"@"); print t[1], substr(t[1],length(prfx))}     '\'' prfx=^ | sed '\''/ __gnu_lto/d'\'''
lt_cv_sys_global_symbol_to_c_name_address='sed -n -e '\''s/^: \([^ ]*\)[ ]*$/  {\"\1\", (void *) 0},/p'\'' -e '\''s/^[ABCDGISTW]* \([^ ]*\) \([^ ]*\)$/  {"\2", (void *) \&\2},/p'\'''
lt_cv_sys_global_symbol_to_c_name_address_lib_prefix='sed -n -e '\''s/^: \([^ ]*\)[ ]*$/  {\"\1\", (void *) 0},/p'\'' -e '\''s/^[ABCDGISTW]* \([^ ]*\) \(lib[^ ]*\)$/  {"\2", (void *) \&\2},/p'\'' -e '\''s/^[ABCDGISTW]* \([^ ]*\) \([^ ]*\)$/  {"lib\2", (void *) \&\2},/p'\'''
lt_cv_sys_global_symbol_to_cdecl='sed -n -e '\''s/^T .* \(.*\)$/extern int \1();/p'\'' -e '\''s/^[ABCDGISTW]* .* \(.*\)$/extern char \1;/p'\'''
lt_cv_sys_max_cmd_len=8192
lt_cv_sys_symbol_underscore=no
lt_cv_to_host_file_cmd=func_convert_file_msys_to_w32
lt_cv_to_tool_file_cmd=func_convert_file_msys_to_w32

## ----------------- ##
## Output variables. ##
## ----------------- ##

AARCH64_FALSE=''
AARCH64_TRUE='#'
ACLOCAL='${SHELL} /f/gitroot/jna/native/libffi/missing --run aclocal-1.11'
ALLOCA=''
ALPHA_FALSE=''
ALPHA_TRUE='#'
AMDEPBACKSLASH='\'
AMDEP_FALSE='#'
AMDEP_TRUE=''
AMTAR='${SHELL} /f/gitroot/jna/native/libffi/missing --run tar'
AM_LTLDFLAGS='-no-undefined -bindir "$(bindir)"'
AM_RUNTESTFLAGS=''
AR='ar'
ARM_FALSE=''
ARM_TRUE='#'
AUTOCONF='${SHELL} /f/gitroot/jna/native/libffi/missing --run autoconf'
AUTOHEADER='${SHELL} /f/gitroot/jna/native/libffi/missing --run autoheader'
AUTOMAKE='${SHELL} /f/gitroot/jna/native/libffi/missing --run automake-1.11'
AVR32_FALSE=''
AVR32_TRUE='#'
AWK='gawk'
BFIN_FALSE=''
BFIN_TRUE='#'
CC='cl'
CCAS='cl'
CCASDEPMODE='depmode=none'
CCASFLAGS='-m64 -nologo'
CCDEPMODE='depmode=none'
CFLAGS='-m64 -nologo  -warn all'
CPP='cl -E'
CPPFLAGS=''
CYGPATH_W='echo'
DEFS='-DHAVE_CONFIG_H'
DEPDIR='.deps'
DLLTOOL='dlltool'
DSYMUTIL=''
DUMPBIN='dumpbin -symbols'
ECHO_C=''
ECHO_N='-n'
ECHO_T=''
EGREP='/bin/grep -E'
EXEEXT='.exe'
FFI_DEBUG_FALSE=''
FFI_DEBUG_TRUE='#'
FFI_EXEC_TRAMPOLINE_TABLE='0'
FFI_EXEC_TRAMPOLINE_TABLE_FALSE=''
FFI_EXEC_TRAMPOLINE_TABLE_TRUE='#'
FGREP='/bin/grep -F'
FRV_FALSE=''
FRV_TRUE='#'
GREP='/bin/grep'
HAVE_LONG_DOUBLE='0'
IA64_FALSE=''
IA64_TRUE='#'
INSTALL_DATA='${INSTALL} -m 644'
INSTALL_PROGRAM='${INSTALL}'
INSTALL_SCRIPT='${INSTALL}'
INSTALL_STRIP_PROGRAM='$(install_sh) -c -s'
LD='link.exe'
LDFLAGS=''
LIBFFI_CRIS_FALSE=''
LIBFFI_CRIS_TRUE='#'
LIBOBJS=''
LIBS=''
LIBTOOL='$(SHELL) $(top_builddir)/libtool'
LIPO=''
LN_S='cp -p'
LTLIBOBJS=''
M32R_FALSE=''
M32R_TRUE='#'
M68K_FALSE=''
M68K_TRUE='#'
MAINT='#'
MAINTAINER_MODE_FALSE=''
MAINTAINER_MODE_TRUE='#'
MAKEINFO='${SHELL} /f/gitroot/jna/native/libffi/missing --run makeinfo'
MANIFEST_TOOL='mt'
METAG_FALSE=''
METAG_TRUE='#'
MICROBLAZE_FALSE=''
MICROBLAZE_TRUE='#'
MIPS_FALSE=''
MIPS_TRUE='#'
MKDIR_P='/bin/mkdir -p'
MOXIE_FALSE=''
MOXIE_TRUE='#'
NM='dumpbin -symbols'
NMEDIT=''
OBJDUMP='objdump'
OBJEXT='obj'
OTOOL64=''
OTOOL=''
PA64_HPUX_FALSE=''
PA64_HPUX_TRUE='#'
PACKAGE='libffi'
PACKAGE_BUGREPORT='http://github.com/atgreen/libffi/issues'
PACKAGE_NAME='libffi'
PACKAGE_STRING='libffi 3.0.13'
PACKAGE_TARNAME='libffi'
PACKAGE_URL=''
PACKAGE_VERSION='3.0.13'
PATH_SEPARATOR=':'
PA_HPUX_FALSE=''
PA_HPUX_TRUE='#'
PA_LINUX_FALSE=''
PA_LINUX_TRUE='#'
POWERPC_AIX_FALSE=''
POWERPC_AIX_TRUE='#'
POWERPC_DARWIN_FALSE=''
POWERPC_DARWIN_TRUE='#'
POWERPC_FALSE=''
POWERPC_FREEBSD_FALSE=''
POWERPC_FREEBSD_TRUE='#'
POWERPC_TRUE='#'
PRTDIAG=''
RANLIB='ranlib'
S390_FALSE=''
S390_TRUE='#'
SED='/bin/sed'
SET_MAKE=''
SH64_FALSE=''
SH64_TRUE='#'
SHELL='/bin/sh'
SH_FALSE=''
SH_TRUE='#'
SPARC_FALSE=''
SPARC_TRUE='#'
STRIP='strip'
TARGET='X86_WIN64'
TARGETDIR='x86'
TESTSUBDIR_FALSE='#'
TESTSUBDIR_TRUE=''
TILE_FALSE=''
TILE_TRUE='#'
VERSION='3.0.13'
X86_64_FALSE=''
X86_64_TRUE='#'
X86_DARWIN_FALSE=''
X86_DARWIN_TRUE='#'
X86_FALSE=''
X86_FREEBSD_FALSE=''
X86_FREEBSD_TRUE='#'
X86_TRUE='#'
X86_WIN32_FALSE=''
X86_WIN32_TRUE='#'
X86_WIN64_FALSE='#'
X86_WIN64_TRUE=''
XTENSA_FALSE=''
XTENSA_TRUE='#'
ac_ct_AR='ar'
ac_ct_CC=''
ac_ct_DUMPBIN='dumpbin'
am__EXEEXT_FALSE='#'
am__EXEEXT_TRUE=''
am__fastdepCCAS_FALSE=''
am__fastdepCCAS_TRUE='#'
am__fastdepCC_FALSE=''
am__fastdepCC_TRUE='#'
am__include='include'
am__isrc=''
am__leading_dot='.'
am__quote=''
am__tar='${AMTAR} chof - "$$tardir"'
am__untar='${AMTAR} xf -'
ax_enable_builddir_sed='sed'
bindir='${exec_prefix}/bin'
build='i686-pc-mingw32'
build_alias=''
build_cpu='i686'
build_os='mingw32'
build_vendor='pc'
datadir='${datarootdir}'
datarootdir='${prefix}/share'
docdir='${datarootdir}/doc/${PACKAGE_TARNAME}'
dvidir='${docdir}'
exec_prefix='${prefix}'
host='x86_64-w64-mingw32'
host_alias='x86_64-w64-mingw32'
host_cpu='x86_64'
host_os='mingw32'
host_vendor='w64'
htmldir='${docdir}'
includedir='${prefix}/include'
infodir='${datarootdir}/info'
install_sh='${SHELL} /f/gitroot/jna/native/libffi/install-sh'
libdir='${exec_prefix}/lib'
libexecdir='${exec_prefix}/libexec'
localedir='${datarootdir}/locale'
localstatedir='${prefix}/var'
mandir='${datarootdir}/man'
mkdir_p='/bin/mkdir -p'
oldincludedir='/usr/include'
pdfdir='${docdir}'
prefix='/usr/local'
program_transform_name='s,x,x,'
psdir='${docdir}'
sbindir='${exec_prefix}/sbin'
sharedstatedir='${prefix}/com'
sys_symbol_underscore='no'
sysconfdir='${prefix}/etc'
target='x86_64-w64-mingw32'
target_alias='x86_64-w64-mingw32'
target_cpu='x86_64'
target_os='mingw32'
target_vendor='w64'
toolexecdir=''
toolexeclibdir='$(libdir)'

## ----------- ##
## confdefs.h. ##
## ----------- ##

/* confdefs.h */
#define PACKAGE_NAME "libffi"
#define PACKAGE_TARNAME "libffi"
#define PACKAGE_VERSION "3.0.13"
#define PACKAGE_STRING "libffi 3.0.13"
#define PACKAGE_BUGREPORT "http://github.com/atgreen/libffi/issues"
#define PACKAGE_URL ""
#define PACKAGE "libffi"
#define VERSION "3.0.13"
#define STDC_HEADERS 1
#define HAVE_SYS_TYPES_H 1
#define HAVE_SYS_STAT_H 1
#define HAVE_STDLIB_H 1
#define HAVE_STRING_H 1
#define HAVE_MEMORY_H 1
#define HAVE_STDINT_H 1
#define LT_OBJDIR ".libs/"
#define SIZEOF_SIZE_T 8
#define STDC_HEADERS 1
#define HAVE_MEMCPY 1
#define HAVE_ALLOCA 1
#define SIZEOF_DOUBLE 8
#define SIZEOF_LONG_DOUBLE 8

configure: exit 0
